[0518/233712.333:ERROR:browser_gpu_channel_host_factory.cc(139)] Failed to launch GPU process.
[0523/140340.580:ERROR:browser_gpu_channel_host_factory.cc(139)] Failed to launch GPU process.
[0523/225645.870:WARNING:dns_config_service_win.cc(668)] Failed to read DnsConfig.
[0523/225650.882:WARNING:dns_config_service_win.cc(668)] Failed to read DnsConfig.
[0523/225655.895:WARNING:dns_config_service_win.cc(668)] Failed to read DnsConfig.
[0523/225700.904:WARNING:dns_config_service_win.cc(668)] Failed to read DnsConfig.
[0523/225705.924:WARNING:dns_config_service_win.cc(668)] Failed to read DnsConfig.
[0523/225710.939:WARNING:dns_config_service_win.cc(668)] Failed to read DnsConfig.
[0523/225715.956:WARNING:dns_config_service_win.cc(668)] Failed to read DnsConfig.
[0523/225720.977:WARNING:dns_config_service_win.cc(668)] Failed to read DnsConfig.
[0523/225725.997:WARNING:dns_config_service_win.cc(668)] Failed to read DnsConfig.
[0523/225731.004:WARNING:dns_config_service_win.cc(668)] Failed to read DnsConfig.
[0523/225736.017:WARNING:dns_config_service_win.cc(668)] Failed to read DnsConfig.
[0523/225741.034:WARNING:dns_config_service_win.cc(668)] Failed to read DnsConfig.
[0523/225746.059:WARNING:dns_config_service_win.cc(668)] Failed to read DnsConfig.
[0523/225751.071:WARNING:dns_config_service_win.cc(668)] Failed to read DnsConfig.
[0523/225756.087:WARNING:dns_config_service_win.cc(668)] Failed to read DnsConfig.
[0523/225801.098:WARNING:dns_config_service_win.cc(668)] Failed to read DnsConfig.
[0523/225806.118:WARNING:dns_config_service_win.cc(668)] Failed to read DnsConfig.
[0523/225811.129:WARNING:dns_config_service_win.cc(668)] Failed to read DnsConfig.
[0523/225816.139:WARNING:dns_config_service_win.cc(668)] Failed to read DnsConfig.
[0523/225821.155:WARNING:dns_config_service_win.cc(668)] Failed to read DnsConfig.
[0523/225826.172:WARNING:dns_config_service_win.cc(668)] Failed to read DnsConfig.
[0523/225831.185:WARNING:dns_config_service_win.cc(668)] Failed to read DnsConfig.
[0523/225836.206:WARNING:dns_config_service_win.cc(668)] Failed to read DnsConfig.
[0523/225841.221:WARNING:dns_config_service_win.cc(668)] Failed to read DnsConfig.
[0523/225846.239:WARNING:dns_config_service_win.cc(668)] Failed to read DnsConfig.
[0523/225851.256:WARNING:dns_config_service_win.cc(668)] Failed to read DnsConfig.
[0523/225856.275:WARNING:dns_config_service_win.cc(668)] Failed to read DnsConfig.
[0523/225901.288:WARNING:dns_config_service_win.cc(668)] Failed to read DnsConfig.
[0523/225906.305:WARNING:dns_config_service_win.cc(668)] Failed to read DnsConfig.
[0523/225911.325:WARNING:dns_config_service_win.cc(668)] Failed to read DnsConfig.
[0523/225916.348:WARNING:dns_config_service_win.cc(668)] Failed to read DnsConfig.
[0523/225921.357:WARNING:dns_config_service_win.cc(668)] Failed to read DnsConfig.
[0523/225926.372:WARNING:dns_config_service_win.cc(668)] Failed to read DnsConfig.
[0523/225931.388:WARNING:dns_config_service_win.cc(668)] Failed to read DnsConfig.
[0523/225936.396:WARNING:dns_config_service_win.cc(668)] Failed to read DnsConfig.
[0523/225941.410:WARNING:dns_config_service_win.cc(668)] Failed to read DnsConfig.
[0523/225946.423:WARNING:dns_config_service_win.cc(668)] Failed to read DnsConfig.
[0523/225951.434:WARNING:dns_config_service_win.cc(668)] Failed to read DnsConfig.
[0523/225956.445:WARNING:dns_config_service_win.cc(668)] Failed to read DnsConfig.
[0523/230001.460:WARNING:dns_config_service_win.cc(668)] Failed to read DnsConfig.
[0523/230006.467:WARNING:dns_config_service_win.cc(668)] Failed to read DnsConfig.
[0523/230011.497:WARNING:dns_config_service_win.cc(668)] Failed to read DnsConfig.
[0523/230016.504:WARNING:dns_config_service_win.cc(668)] Failed to read DnsConfig.
[0523/230021.514:WARNING:dns_config_service_win.cc(668)] Failed to read DnsConfig.
[0523/230026.530:WARNING:dns_config_service_win.cc(668)] Failed to read DnsConfig.
[0523/230031.550:WARNING:dns_config_service_win.cc(668)] Failed to read DnsConfig.
[0523/230036.561:WARNING:dns_config_service_win.cc(668)] Failed to read DnsConfig.
[0523/230041.578:WARNING:dns_config_service_win.cc(668)] Failed to read DnsConfig.
[0523/230046.592:WARNING:dns_config_service_win.cc(668)] Failed to read DnsConfig.
[0523/230051.600:WARNING:dns_config_service_win.cc(668)] Failed to read DnsConfig.
[0523/230056.625:WARNING:dns_config_service_win.cc(668)] Failed to read DnsConfig.
[0523/230101.661:WARNING:dns_config_service_win.cc(668)] Failed to read DnsConfig.
[0523/230106.694:WARNING:dns_config_service_win.cc(668)] Failed to read DnsConfig.
[0523/230112.271:WARNING:dns_config_service_win.cc(668)] Failed to read DnsConfig.
[0523/230117.277:WARNING:dns_config_service_win.cc(668)] Failed to read DnsConfig.
[0523/230122.284:WARNING:dns_config_service_win.cc(668)] Failed to read DnsConfig.
[0523/230127.300:WARNING:dns_config_service_win.cc(668)] Failed to read DnsConfig.
[0523/230132.312:WARNING:dns_config_service_win.cc(668)] Failed to read DnsConfig.
[0523/230137.335:WARNING:dns_config_service_win.cc(668)] Failed to read DnsConfig.
[0523/230142.345:WARNING:dns_config_service_win.cc(668)] Failed to read DnsConfig.
[0523/230147.359:WARNING:dns_config_service_win.cc(668)] Failed to read DnsConfig.
[0523/230152.370:WARNING:dns_config_service_win.cc(668)] Failed to read DnsConfig.
[0523/230157.379:WARNING:dns_config_service_win.cc(668)] Failed to read DnsConfig.
[0523/230202.393:WARNING:dns_config_service_win.cc(668)] Failed to read DnsConfig.
[0523/230207.412:WARNING:dns_config_service_win.cc(668)] Failed to read DnsConfig.
[0523/230212.424:WARNING:dns_config_service_win.cc(668)] Failed to read DnsConfig.
[0523/230217.443:WARNING:dns_config_service_win.cc(668)] Failed to read DnsConfig.
[0523/230222.467:WARNING:dns_config_service_win.cc(668)] Failed to read DnsConfig.
[0523/230227.482:WARNING:dns_config_service_win.cc(668)] Failed to read DnsConfig.
[0523/230232.489:WARNING:dns_config_service_win.cc(668)] Failed to read DnsConfig.
[0523/230237.505:WARNING:dns_config_service_win.cc(668)] Failed to read DnsConfig.
[0523/230242.524:WARNING:dns_config_service_win.cc(668)] Failed to read DnsConfig.
[0523/230247.532:WARNING:dns_config_service_win.cc(668)] Failed to read DnsConfig.
[0523/230252.542:WARNING:dns_config_service_win.cc(668)] Failed to read DnsConfig.
[0523/230257.551:WARNING:dns_config_service_win.cc(668)] Failed to read DnsConfig.
[0523/230302.563:WARNING:dns_config_service_win.cc(668)] Failed to read DnsConfig.
[0523/230307.581:WARNING:dns_config_service_win.cc(668)] Failed to read DnsConfig.
[0523/230312.603:WARNING:dns_config_service_win.cc(668)] Failed to read DnsConfig.
[0523/230317.618:WARNING:dns_config_service_win.cc(668)] Failed to read DnsConfig.
[0523/230322.637:WARNING:dns_config_service_win.cc(668)] Failed to read DnsConfig.
[0523/230327.655:WARNING:dns_config_service_win.cc(668)] Failed to read DnsConfig.
[0523/230332.673:WARNING:dns_config_service_win.cc(668)] Failed to read DnsConfig.
[0523/230337.689:WARNING:dns_config_service_win.cc(668)] Failed to read DnsConfig.
[0523/230342.703:WARNING:dns_config_service_win.cc(668)] Failed to read DnsConfig.
[0523/230347.710:WARNING:dns_config_service_win.cc(668)] Failed to read DnsConfig.
[0523/230352.728:WARNING:dns_config_service_win.cc(668)] Failed to read DnsConfig.
[0523/230357.740:WARNING:dns_config_service_win.cc(668)] Failed to read DnsConfig.
[0523/230402.753:WARNING:dns_config_service_win.cc(668)] Failed to read DnsConfig.
[0523/230407.771:WARNING:dns_config_service_win.cc(668)] Failed to read DnsConfig.
[0523/230412.783:WARNING:dns_config_service_win.cc(668)] Failed to read DnsConfig.
[0523/230417.797:WARNING:dns_config_service_win.cc(668)] Failed to read DnsConfig.
[0523/230422.810:WARNING:dns_config_service_win.cc(668)] Failed to read DnsConfig.
[0523/230427.816:WARNING:dns_config_service_win.cc(668)] Failed to read DnsConfig.
[0523/230432.824:WARNING:dns_config_service_win.cc(668)] Failed to read DnsConfig.
[0523/230437.831:WARNING:dns_config_service_win.cc(668)] Failed to read DnsConfig.
[0523/230442.840:WARNING:dns_config_service_win.cc(668)] Failed to read DnsConfig.
[0523/230447.857:WARNING:dns_config_service_win.cc(668)] Failed to read DnsConfig.
[0523/230452.863:WARNING:dns_config_service_win.cc(668)] Failed to read DnsConfig.
[0523/230457.879:WARNING:dns_config_service_win.cc(668)] Failed to read DnsConfig.
[0523/230502.895:WARNING:dns_config_service_win.cc(668)] Failed to read DnsConfig.
[0523/230507.902:WARNING:dns_config_service_win.cc(668)] Failed to read DnsConfig.
[0523/230512.914:WARNING:dns_config_service_win.cc(668)] Failed to read DnsConfig.
[0523/230517.925:WARNING:dns_config_service_win.cc(668)] Failed to read DnsConfig.
[0523/230522.940:WARNING:dns_config_service_win.cc(668)] Failed to read DnsConfig.
[0523/230527.960:WARNING:dns_config_service_win.cc(668)] Failed to read DnsConfig.
[0523/230532.970:WARNING:dns_config_service_win.cc(668)] Failed to read DnsConfig.
[0523/230537.988:WARNING:dns_config_service_win.cc(668)] Failed to read DnsConfig.
[0523/230543.004:WARNING:dns_config_service_win.cc(668)] Failed to read DnsConfig.
[0523/230548.015:WARNING:dns_config_service_win.cc(668)] Failed to read DnsConfig.
[0523/230553.036:WARNING:dns_config_service_win.cc(668)] Failed to read DnsConfig.
[0523/230558.053:WARNING:dns_config_service_win.cc(668)] Failed to read DnsConfig.
[0523/230603.064:WARNING:dns_config_service_win.cc(668)] Failed to read DnsConfig.
[0523/230608.075:WARNING:dns_config_service_win.cc(668)] Failed to read DnsConfig.
[0523/230613.091:WARNING:dns_config_service_win.cc(668)] Failed to read DnsConfig.
[0523/230618.093:WARNING:dns_config_service_win.cc(668)] Failed to read DnsConfig.
[0523/230623.108:WARNING:dns_config_service_win.cc(668)] Failed to read DnsConfig.
[0523/230628.119:WARNING:dns_config_service_win.cc(668)] Failed to read DnsConfig.
[0523/230633.142:WARNING:dns_config_service_win.cc(668)] Failed to read DnsConfig.
[0523/230638.159:WARNING:dns_config_service_win.cc(668)] Failed to read DnsConfig.
[0523/230643.189:WARNING:dns_config_service_win.cc(668)] Failed to read DnsConfig.
[0523/230648.195:WARNING:dns_config_service_win.cc(668)] Failed to read DnsConfig.
[0523/230653.203:WARNING:dns_config_service_win.cc(668)] Failed to read DnsConfig.
[0523/230658.224:WARNING:dns_config_service_win.cc(668)] Failed to read DnsConfig.
[0523/230703.228:WARNING:dns_config_service_win.cc(668)] Failed to read DnsConfig.
[0523/230708.244:WARNING:dns_config_service_win.cc(668)] Failed to read DnsConfig.
[0523/230713.255:WARNING:dns_config_service_win.cc(668)] Failed to read DnsConfig.
[0523/230718.268:WARNING:dns_config_service_win.cc(668)] Failed to read DnsConfig.
[0523/230723.278:WARNING:dns_config_service_win.cc(668)] Failed to read DnsConfig.
[0523/230728.298:WARNING:dns_config_service_win.cc(668)] Failed to read DnsConfig.
[0523/230733.306:WARNING:dns_config_service_win.cc(668)] Failed to read DnsConfig.
[0523/230738.325:WARNING:dns_config_service_win.cc(668)] Failed to read DnsConfig.
[0523/230743.342:WARNING:dns_config_service_win.cc(668)] Failed to read DnsConfig.
[0523/230748.347:WARNING:dns_config_service_win.cc(668)] Failed to read DnsConfig.
[0523/230753.354:WARNING:dns_config_service_win.cc(668)] Failed to read DnsConfig.
[0523/230758.367:WARNING:dns_config_service_win.cc(668)] Failed to read DnsConfig.
[0523/230803.380:WARNING:dns_config_service_win.cc(668)] Failed to read DnsConfig.
[0523/230808.402:WARNING:dns_config_service_win.cc(668)] Failed to read DnsConfig.
[0523/230813.414:WARNING:dns_config_service_win.cc(668)] Failed to read DnsConfig.
[0523/230818.428:WARNING:dns_config_service_win.cc(668)] Failed to read DnsConfig.
[0523/230823.451:WARNING:dns_config_service_win.cc(668)] Failed to read DnsConfig.
[0523/230828.471:WARNING:dns_config_service_win.cc(668)] Failed to read DnsConfig.
[0523/230833.476:WARNING:dns_config_service_win.cc(668)] Failed to read DnsConfig.
[0523/230838.492:WARNING:dns_config_service_win.cc(668)] Failed to read DnsConfig.
[0523/230843.510:WARNING:dns_config_service_win.cc(668)] Failed to read DnsConfig.
[0523/230848.521:WARNING:dns_config_service_win.cc(668)] Failed to read DnsConfig.
[0523/230853.538:WARNING:dns_config_service_win.cc(668)] Failed to read DnsConfig.
[0523/230858.564:WARNING:dns_config_service_win.cc(668)] Failed to read DnsConfig.
[0523/230903.574:WARNING:dns_config_service_win.cc(668)] Failed to read DnsConfig.
[0523/230908.591:WARNING:dns_config_service_win.cc(668)] Failed to read DnsConfig.
[0523/230913.600:WARNING:dns_config_service_win.cc(668)] Failed to read DnsConfig.
[0523/230918.617:WARNING:dns_config_service_win.cc(668)] Failed to read DnsConfig.
[0523/230923.635:WARNING:dns_config_service_win.cc(668)] Failed to read DnsConfig.
[0523/230928.644:WARNING:dns_config_service_win.cc(668)] Failed to read DnsConfig.
[0523/230933.660:WARNING:dns_config_service_win.cc(668)] Failed to read DnsConfig.
[0523/230938.689:WARNING:dns_config_service_win.cc(668)] Failed to read DnsConfig.
[0523/230943.707:WARNING:dns_config_service_win.cc(668)] Failed to read DnsConfig.
[0523/230948.718:WARNING:dns_config_service_win.cc(668)] Failed to read DnsConfig.
[0523/230953.737:WARNING:dns_config_service_win.cc(668)] Failed to read DnsConfig.
[0523/230958.745:WARNING:dns_config_service_win.cc(668)] Failed to read DnsConfig.
[0523/231003.756:WARNING:dns_config_service_win.cc(668)] Failed to read DnsConfig.
[0523/231008.765:WARNING:dns_config_service_win.cc(668)] Failed to read DnsConfig.
[0523/231013.779:WARNING:dns_config_service_win.cc(668)] Failed to read DnsConfig.
[0523/231018.796:WARNING:dns_config_service_win.cc(668)] Failed to read DnsConfig.
[0523/231023.814:WARNING:dns_config_service_win.cc(668)] Failed to read DnsConfig.
[0523/231028.830:WARNING:dns_config_service_win.cc(668)] Failed to read DnsConfig.
[0523/231033.848:WARNING:dns_config_service_win.cc(668)] Failed to read DnsConfig.
[0523/231038.859:WARNING:dns_config_service_win.cc(668)] Failed to read DnsConfig.
[0523/231043.873:WARNING:dns_config_service_win.cc(668)] Failed to read DnsConfig.
[0523/231048.883:WARNING:dns_config_service_win.cc(668)] Failed to read DnsConfig.
[0523/231053.919:WARNING:dns_config_service_win.cc(668)] Failed to read DnsConfig.
[0523/231058.937:WARNING:dns_config_service_win.cc(668)] Failed to read DnsConfig.
[0523/231103.966:WARNING:dns_config_service_win.cc(668)] Failed to read DnsConfig.
[0523/231108.976:WARNING:dns_config_service_win.cc(668)] Failed to read DnsConfig.
[0523/231113.984:WARNING:dns_config_service_win.cc(668)] Failed to read DnsConfig.
[0523/231118.996:WARNING:dns_config_service_win.cc(668)] Failed to read DnsConfig.
[0523/231124.020:WARNING:dns_config_service_win.cc(668)] Failed to read DnsConfig.
[0523/231129.032:WARNING:dns_config_service_win.cc(668)] Failed to read DnsConfig.
[0523/231134.049:WARNING:dns_config_service_win.cc(668)] Failed to read DnsConfig.
[0523/231139.062:WARNING:dns_config_service_win.cc(668)] Failed to read DnsConfig.
[0523/231144.079:WARNING:dns_config_service_win.cc(668)] Failed to read DnsConfig.
[0523/231149.097:WARNING:dns_config_service_win.cc(668)] Failed to read DnsConfig.
[0523/231154.110:WARNING:dns_config_service_win.cc(668)] Failed to read DnsConfig.
[0523/231159.120:WARNING:dns_config_service_win.cc(668)] Failed to read DnsConfig.
[0523/231204.129:WARNING:dns_config_service_win.cc(668)] Failed to read DnsConfig.
[0523/231209.147:WARNING:dns_config_service_win.cc(668)] Failed to read DnsConfig.
[0523/231214.162:WARNING:dns_config_service_win.cc(668)] Failed to read DnsConfig.
[0523/231219.173:WARNING:dns_config_service_win.cc(668)] Failed to read DnsConfig.
[0523/231224.195:WARNING:dns_config_service_win.cc(668)] Failed to read DnsConfig.
[0523/231229.203:WARNING:dns_config_service_win.cc(668)] Failed to read DnsConfig.
[0523/231234.220:WARNING:dns_config_service_win.cc(668)] Failed to read DnsConfig.
[0523/231239.238:WARNING:dns_config_service_win.cc(668)] Failed to read DnsConfig.
[0523/231244.253:WARNING:dns_config_service_win.cc(668)] Failed to read DnsConfig.
[0523/231249.275:WARNING:dns_config_service_win.cc(668)] Failed to read DnsConfig.
[0523/231254.280:WARNING:dns_config_service_win.cc(668)] Failed to read DnsConfig.
[0523/231259.295:WARNING:dns_config_service_win.cc(668)] Failed to read DnsConfig.
[0523/231304.326:WARNING:dns_config_service_win.cc(668)] Failed to read DnsConfig.
[0523/231309.337:WARNING:dns_config_service_win.cc(668)] Failed to read DnsConfig.
[0523/231314.360:WARNING:dns_config_service_win.cc(668)] Failed to read DnsConfig.
[0523/231319.373:WARNING:dns_config_service_win.cc(668)] Failed to read DnsConfig.
[0523/231324.388:WARNING:dns_config_service_win.cc(668)] Failed to read DnsConfig.
[0523/231329.406:WARNING:dns_config_service_win.cc(668)] Failed to read DnsConfig.
[0523/231334.424:WARNING:dns_config_service_win.cc(668)] Failed to read DnsConfig.
[0523/231339.445:WARNING:dns_config_service_win.cc(668)] Failed to read DnsConfig.
[0523/231344.458:WARNING:dns_config_service_win.cc(668)] Failed to read DnsConfig.
[0523/231349.461:WARNING:dns_config_service_win.cc(668)] Failed to read DnsConfig.
[0523/231354.471:WARNING:dns_config_service_win.cc(668)] Failed to read DnsConfig.
[0523/231359.490:WARNING:dns_config_service_win.cc(668)] Failed to read DnsConfig.
[0523/231404.507:WARNING:dns_config_service_win.cc(668)] Failed to read DnsConfig.
[0523/231409.513:WARNING:dns_config_service_win.cc(668)] Failed to read DnsConfig.
[0523/231414.531:WARNING:dns_config_service_win.cc(668)] Failed to read DnsConfig.
[0523/231419.557:WARNING:dns_config_service_win.cc(668)] Failed to read DnsConfig.
[0523/231424.573:WARNING:dns_config_service_win.cc(668)] Failed to read DnsConfig.
[0523/231429.581:WARNING:dns_config_service_win.cc(668)] Failed to read DnsConfig.
[0523/231434.603:WARNING:dns_config_service_win.cc(668)] Failed to read DnsConfig.
[0523/231439.628:WARNING:dns_config_service_win.cc(668)] Failed to read DnsConfig.
[0523/231444.632:WARNING:dns_config_service_win.cc(668)] Failed to read DnsConfig.
[0523/231449.650:WARNING:dns_config_service_win.cc(668)] Failed to read DnsConfig.
[0523/231454.662:WARNING:dns_config_service_win.cc(668)] Failed to read DnsConfig.
[0523/231459.675:WARNING:dns_config_service_win.cc(668)] Failed to read DnsConfig.
[0523/231504.682:WARNING:dns_config_service_win.cc(668)] Failed to read DnsConfig.
[0523/231509.692:WARNING:dns_config_service_win.cc(668)] Failed to read DnsConfig.
[0523/231514.698:WARNING:dns_config_service_win.cc(668)] Failed to read DnsConfig.
[0523/231519.719:WARNING:dns_config_service_win.cc(668)] Failed to read DnsConfig.
[0523/231524.731:WARNING:dns_config_service_win.cc(668)] Failed to read DnsConfig.
[0523/231529.746:WARNING:dns_config_service_win.cc(668)] Failed to read DnsConfig.
[0523/231534.759:WARNING:dns_config_service_win.cc(668)] Failed to read DnsConfig.
[0523/231539.789:WARNING:dns_config_service_win.cc(668)] Failed to read DnsConfig.
[0523/231544.798:WARNING:dns_config_service_win.cc(668)] Failed to read DnsConfig.
[0523/231549.810:WARNING:dns_config_service_win.cc(668)] Failed to read DnsConfig.
[0523/231554.858:WARNING:dns_config_service_win.cc(668)] Failed to read DnsConfig.
[0523/231559.958:WARNING:dns_config_service_win.cc(668)] Failed to read DnsConfig.
[0523/231605.216:WARNING:dns_config_service_win.cc(668)] Failed to read DnsConfig.
[0523/231610.237:WARNING:dns_config_service_win.cc(668)] Failed to read DnsConfig.
[0523/231615.259:WARNING:dns_config_service_win.cc(668)] Failed to read DnsConfig.
[0523/231620.283:WARNING:dns_config_service_win.cc(668)] Failed to read DnsConfig.
[0523/231625.288:WARNING:dns_config_service_win.cc(668)] Failed to read DnsConfig.
[0523/231630.307:WARNING:dns_config_service_win.cc(668)] Failed to read DnsConfig.
[0523/231635.325:WARNING:dns_config_service_win.cc(668)] Failed to read DnsConfig.
[0523/231640.330:WARNING:dns_config_service_win.cc(668)] Failed to read DnsConfig.
[0523/231645.337:WARNING:dns_config_service_win.cc(668)] Failed to read DnsConfig.
[0523/231650.345:WARNING:dns_config_service_win.cc(668)] Failed to read DnsConfig.
[0523/231655.370:WARNING:dns_config_service_win.cc(668)] Failed to read DnsConfig.
[0523/231700.389:WARNING:dns_config_service_win.cc(668)] Failed to read DnsConfig.
[0523/231705.395:WARNING:dns_config_service_win.cc(668)] Failed to read DnsConfig.
[0523/231710.406:WARNING:dns_config_service_win.cc(668)] Failed to read DnsConfig.
[0523/231715.413:WARNING:dns_config_service_win.cc(668)] Failed to read DnsConfig.
[0523/231720.429:WARNING:dns_config_service_win.cc(668)] Failed to read DnsConfig.
[0523/231725.436:WARNING:dns_config_service_win.cc(668)] Failed to read DnsConfig.
[0523/231730.449:WARNING:dns_config_service_win.cc(668)] Failed to read DnsConfig.
[0523/231735.457:WARNING:dns_config_service_win.cc(668)] Failed to read DnsConfig.
[0523/231740.472:WARNING:dns_config_service_win.cc(668)] Failed to read DnsConfig.
[0523/231745.480:WARNING:dns_config_service_win.cc(668)] Failed to read DnsConfig.
[0523/231750.505:WARNING:dns_config_service_win.cc(668)] Failed to read DnsConfig.
[0523/231755.510:WARNING:dns_config_service_win.cc(668)] Failed to read DnsConfig.
[0523/231800.525:WARNING:dns_config_service_win.cc(668)] Failed to read DnsConfig.
[0523/231805.547:WARNING:dns_config_service_win.cc(668)] Failed to read DnsConfig.
[0523/231810.563:WARNING:dns_config_service_win.cc(668)] Failed to read DnsConfig.
[0523/231815.570:WARNING:dns_config_service_win.cc(668)] Failed to read DnsConfig.
[0523/231820.579:WARNING:dns_config_service_win.cc(668)] Failed to read DnsConfig.
[0523/231825.592:WARNING:dns_config_service_win.cc(668)] Failed to read DnsConfig.
[0523/231830.604:WARNING:dns_config_service_win.cc(668)] Failed to read DnsConfig.
[0523/231835.618:WARNING:dns_config_service_win.cc(668)] Failed to read DnsConfig.
[0523/231840.633:WARNING:dns_config_service_win.cc(668)] Failed to read DnsConfig.
[0523/231845.642:WARNING:dns_config_service_win.cc(668)] Failed to read DnsConfig.
[0523/231850.663:WARNING:dns_config_service_win.cc(668)] Failed to read DnsConfig.
[0523/231855.687:WARNING:dns_config_service_win.cc(668)] Failed to read DnsConfig.
[0523/231900.698:WARNING:dns_config_service_win.cc(668)] Failed to read DnsConfig.
[0523/231905.709:WARNING:dns_config_service_win.cc(668)] Failed to read DnsConfig.
[0523/231910.732:WARNING:dns_config_service_win.cc(668)] Failed to read DnsConfig.
[0523/231915.751:WARNING:dns_config_service_win.cc(668)] Failed to read DnsConfig.
[0523/231920.753:WARNING:dns_config_service_win.cc(668)] Failed to read DnsConfig.
[0523/231925.768:WARNING:dns_config_service_win.cc(668)] Failed to read DnsConfig.
[0523/231930.792:WARNING:dns_config_service_win.cc(668)] Failed to read DnsConfig.
[0523/231935.794:WARNING:dns_config_service_win.cc(668)] Failed to read DnsConfig.
[0523/231940.800:WARNING:dns_config_service_win.cc(668)] Failed to read DnsConfig.
[0523/231945.812:WARNING:dns_config_service_win.cc(668)] Failed to read DnsConfig.
[0523/231950.835:WARNING:dns_config_service_win.cc(668)] Failed to read DnsConfig.
[0523/231955.847:WARNING:dns_config_service_win.cc(668)] Failed to read DnsConfig.
[0523/232000.856:WARNING:dns_config_service_win.cc(668)] Failed to read DnsConfig.
[0523/232005.868:WARNING:dns_config_service_win.cc(668)] Failed to read DnsConfig.
[0523/232010.888:WARNING:dns_config_service_win.cc(668)] Failed to read DnsConfig.
[0523/232015.898:WARNING:dns_config_service_win.cc(668)] Failed to read DnsConfig.
[0523/232020.904:WARNING:dns_config_service_win.cc(668)] Failed to read DnsConfig.
[0523/232025.919:WARNING:dns_config_service_win.cc(668)] Failed to read DnsConfig.
[0523/232030.931:WARNING:dns_config_service_win.cc(668)] Failed to read DnsConfig.
[0523/232035.933:WARNING:dns_config_service_win.cc(668)] Failed to read DnsConfig.
[0523/232040.958:WARNING:dns_config_service_win.cc(668)] Failed to read DnsConfig.
[0523/232045.966:WARNING:dns_config_service_win.cc(668)] Failed to read DnsConfig.
[0523/232050.992:WARNING:dns_config_service_win.cc(668)] Failed to read DnsConfig.
[0523/232055.995:WARNING:dns_config_service_win.cc(668)] Failed to read DnsConfig.
[0523/232101.011:WARNING:dns_config_service_win.cc(668)] Failed to read DnsConfig.
[0523/232106.026:WARNING:dns_config_service_win.cc(668)] Failed to read DnsConfig.
[0523/232111.035:WARNING:dns_config_service_win.cc(668)] Failed to read DnsConfig.
[0523/232116.052:WARNING:dns_config_service_win.cc(668)] Failed to read DnsConfig.
[0523/232121.067:WARNING:dns_config_service_win.cc(668)] Failed to read DnsConfig.
[0523/232126.076:WARNING:dns_config_service_win.cc(668)] Failed to read DnsConfig.
[0523/232131.098:WARNING:dns_config_service_win.cc(668)] Failed to read DnsConfig.
[0523/232136.107:WARNING:dns_config_service_win.cc(668)] Failed to read DnsConfig.
[0523/232141.129:WARNING:dns_config_service_win.cc(668)] Failed to read DnsConfig.
[0523/232146.144:WARNING:dns_config_service_win.cc(668)] Failed to read DnsConfig.
[0523/232151.165:WARNING:dns_config_service_win.cc(668)] Failed to read DnsConfig.
[0523/232156.184:WARNING:dns_config_service_win.cc(668)] Failed to read DnsConfig.
[0523/232201.188:WARNING:dns_config_service_win.cc(668)] Failed to read DnsConfig.
[0523/232206.206:WARNING:dns_config_service_win.cc(668)] Failed to read DnsConfig.
[0523/232211.221:WARNING:dns_config_service_win.cc(668)] Failed to read DnsConfig.
[0523/232216.238:WARNING:dns_config_service_win.cc(668)] Failed to read DnsConfig.
[0523/232221.247:WARNING:dns_config_service_win.cc(668)] Failed to read DnsConfig.
[0523/232226.259:WARNING:dns_config_service_win.cc(668)] Failed to read DnsConfig.
[0523/232231.271:WARNING:dns_config_service_win.cc(668)] Failed to read DnsConfig.
[0523/232236.288:WARNING:dns_config_service_win.cc(668)] Failed to read DnsConfig.
[0523/232241.306:WARNING:dns_config_service_win.cc(668)] Failed to read DnsConfig.
[0523/232246.316:WARNING:dns_config_service_win.cc(668)] Failed to read DnsConfig.
[0523/232251.324:WARNING:dns_config_service_win.cc(668)] Failed to read DnsConfig.
[0523/232256.352:WARNING:dns_config_service_win.cc(668)] Failed to read DnsConfig.
[0523/232301.358:WARNING:dns_config_service_win.cc(668)] Failed to read DnsConfig.
[0523/232306.369:WARNING:dns_config_service_win.cc(668)] Failed to read DnsConfig.
[0523/232311.381:WARNING:dns_config_service_win.cc(668)] Failed to read DnsConfig.
[0523/232316.402:WARNING:dns_config_service_win.cc(668)] Failed to read DnsConfig.
[0523/232321.415:WARNING:dns_config_service_win.cc(668)] Failed to read DnsConfig.
[0523/232326.430:WARNING:dns_config_service_win.cc(668)] Failed to read DnsConfig.
[0523/232331.451:WARNING:dns_config_service_win.cc(668)] Failed to read DnsConfig.
[0523/232336.468:WARNING:dns_config_service_win.cc(668)] Failed to read DnsConfig.
[0523/232341.486:WARNING:dns_config_service_win.cc(668)] Failed to read DnsConfig.
[0523/232346.499:WARNING:dns_config_service_win.cc(668)] Failed to read DnsConfig.
[0523/232351.509:WARNING:dns_config_service_win.cc(668)] Failed to read DnsConfig.
[0523/232356.525:WARNING:dns_config_service_win.cc(668)] Failed to read DnsConfig.
[0523/232401.532:WARNING:dns_config_service_win.cc(668)] Failed to read DnsConfig.
[0523/232406.539:WARNING:dns_config_service_win.cc(668)] Failed to read DnsConfig.
[0523/232411.546:WARNING:dns_config_service_win.cc(668)] Failed to read DnsConfig.
[0523/232416.559:WARNING:dns_config_service_win.cc(668)] Failed to read DnsConfig.
[0523/232421.579:WARNING:dns_config_service_win.cc(668)] Failed to read DnsConfig.
[0523/232426.593:WARNING:dns_config_service_win.cc(668)] Failed to read DnsConfig.
[0523/232431.616:WARNING:dns_config_service_win.cc(668)] Failed to read DnsConfig.
[0523/232436.628:WARNING:dns_config_service_win.cc(668)] Failed to read DnsConfig.
[0523/232441.648:WARNING:dns_config_service_win.cc(668)] Failed to read DnsConfig.
[0523/232446.665:WARNING:dns_config_service_win.cc(668)] Failed to read DnsConfig.
[0523/232451.680:WARNING:dns_config_service_win.cc(668)] Failed to read DnsConfig.
[0523/232456.701:WARNING:dns_config_service_win.cc(668)] Failed to read DnsConfig.
[0523/232501.707:WARNING:dns_config_service_win.cc(668)] Failed to read DnsConfig.
[0523/232506.724:WARNING:dns_config_service_win.cc(668)] Failed to read DnsConfig.
[0523/232511.737:WARNING:dns_config_service_win.cc(668)] Failed to read DnsConfig.
[0523/232516.756:WARNING:dns_config_service_win.cc(668)] Failed to read DnsConfig.
[0523/232521.767:WARNING:dns_config_service_win.cc(668)] Failed to read DnsConfig.
[0523/232526.778:WARNING:dns_config_service_win.cc(668)] Failed to read DnsConfig.
[0523/232531.797:WARNING:dns_config_service_win.cc(668)] Failed to read DnsConfig.
[0523/232536.812:WARNING:dns_config_service_win.cc(668)] Failed to read DnsConfig.
[0523/232541.821:WARNING:dns_config_service_win.cc(668)] Failed to read DnsConfig.
[0523/232546.832:WARNING:dns_config_service_win.cc(668)] Failed to read DnsConfig.
[0523/232551.840:WARNING:dns_config_service_win.cc(668)] Failed to read DnsConfig.
[0523/232556.860:WARNING:dns_config_service_win.cc(668)] Failed to read DnsConfig.
[0523/232601.876:WARNING:dns_config_service_win.cc(668)] Failed to read DnsConfig.
[0523/232606.881:WARNING:dns_config_service_win.cc(668)] Failed to read DnsConfig.
[0523/232611.893:WARNING:dns_config_service_win.cc(668)] Failed to read DnsConfig.
[0523/232616.903:WARNING:dns_config_service_win.cc(668)] Failed to read DnsConfig.
[0523/232621.915:WARNING:dns_config_service_win.cc(668)] Failed to read DnsConfig.
[0523/232626.943:WARNING:dns_config_service_win.cc(668)] Failed to read DnsConfig.
[0523/232631.955:WARNING:dns_config_service_win.cc(668)] Failed to read DnsConfig.
[0523/232636.971:WARNING:dns_config_service_win.cc(668)] Failed to read DnsConfig.
[0523/232641.988:WARNING:dns_config_service_win.cc(668)] Failed to read DnsConfig.
[0523/232647.009:WARNING:dns_config_service_win.cc(668)] Failed to read DnsConfig.
[0523/232652.028:WARNING:dns_config_service_win.cc(668)] Failed to read DnsConfig.
[0523/232657.055:WARNING:dns_config_service_win.cc(668)] Failed to read DnsConfig.
[0523/232702.069:WARNING:dns_config_service_win.cc(668)] Failed to read DnsConfig.
[0523/232707.088:WARNING:dns_config_service_win.cc(668)] Failed to read DnsConfig.
[0523/232712.106:WARNING:dns_config_service_win.cc(668)] Failed to read DnsConfig.
[0523/232717.110:WARNING:dns_config_service_win.cc(668)] Failed to read DnsConfig.
[0523/232722.123:WARNING:dns_config_service_win.cc(668)] Failed to read DnsConfig.
[0523/232727.130:WARNING:dns_config_service_win.cc(668)] Failed to read DnsConfig.
[0523/232732.154:WARNING:dns_config_service_win.cc(668)] Failed to read DnsConfig.
[0523/232737.169:WARNING:dns_config_service_win.cc(668)] Failed to read DnsConfig.
[0523/232742.188:WARNING:dns_config_service_win.cc(668)] Failed to read DnsConfig.
[0523/232747.200:WARNING:dns_config_service_win.cc(668)] Failed to read DnsConfig.
[0523/232752.214:WARNING:dns_config_service_win.cc(668)] Failed to read DnsConfig.
[0523/232757.220:WARNING:dns_config_service_win.cc(668)] Failed to read DnsConfig.
[0523/232802.229:WARNING:dns_config_service_win.cc(668)] Failed to read DnsConfig.
[0523/232807.244:WARNING:dns_config_service_win.cc(668)] Failed to read DnsConfig.
[0523/232812.257:WARNING:dns_config_service_win.cc(668)] Failed to read DnsConfig.
[0523/232817.276:WARNING:dns_config_service_win.cc(668)] Failed to read DnsConfig.
[0523/232822.284:WARNING:dns_config_service_win.cc(668)] Failed to read DnsConfig.
[0523/232827.301:WARNING:dns_config_service_win.cc(668)] Failed to read DnsConfig.
[0523/232832.319:WARNING:dns_config_service_win.cc(668)] Failed to read DnsConfig.
[0523/234732.169:WARNING:ipc_message_attachment_set.cc(49)] MessageAttachmentSet destroyed with unconsumed attachments: 0/1
[0523/234732.701:ERROR:browser_gpu_channel_host_factory.cc(139)] Failed to launch GPU process.
[0523/234734.869:INFO:CONSOLE(1)] "%cUnhandled rejection Error: unknown exception type
    at <anonymous>:1:1
From previous event:
    at O.M [as _captureStackTrace] (file:///C:/Program%20Files/Adobe/Adobe%20Photoshop%202020/Required/www-rich-tooltips/build/external.js:1:15957)
    at O._then (file:///C:/Program%20Files/Adobe/Adobe%20Photoshop%202020/Required/www-rich-tooltips/build/external.js:1:41006)
    at O.then (file:///C:/Program%20Files/Adobe/Adobe%20Photoshop%202020/Required/www-rich-tooltips/build/external.js:1:39362)
    at Object.24 (file:///C:/Program%20Files/Adobe/Adobe%20Photoshop%202020/Required/www-rich-tooltips/build/main.js:1:33074)
    at o (file:///C:/Program%20Files/Adobe/Adobe%20Photoshop%202020/Required/www-rich-tooltips/build/spaces.js:1:410)
    at window.webpackJsonp (file:///C:/Program%20Files/Adobe/Adobe%20Photoshop%202020/Required/www-rich-tooltips/build/spaces.js:1:284)
    at file:///C:/Program%20Files/Adobe/Adobe%20Photoshop%202020/Required/www-rich-tooltips/build/main.js:1:1", source: file:///C:/Program%20Files/Adobe/Adobe%20Photoshop%202020/Required/www-rich-tooltips/build/external.js (1)
[0523/234735.869:INFO:CONSOLE(1)] "%cUnhandled rejection Error: unknown exception type
    at <anonymous>:1:1
From previous event:
    at j.F [as _captureStackTrace] (file:///C:/Program%20Files/Adobe/Adobe%20Photoshop%202020/Required/www-butler/build/external.js:1:15958)
    at j._resolveFromExecutor (file:///C:/Program%20Files/Adobe/Adobe%20Photoshop%202020/Required/www-butler/build/external.js:1:45082)
    at new j (file:///C:/Program%20Files/Adobe/Adobe%20Photoshop%202020/Required/www-butler/build/external.js:1:38328)
    at t.initializeDictionaries (file:///C:/Program%20Files/Adobe/Adobe%20Photoshop%202020/Required/www-butler/build/spaces.js:1:1957)
    at Object.<anonymous> (file:///C:/Program%20Files/Adobe/Adobe%20Photoshop%202020/Required/www-butler/build/main.js:1:11271)
    at o (file:///C:/Program%20Files/Adobe/Adobe%20Photoshop%202020/Required/www-butler/build/spaces.js:1:410)
    at window.webpackJsonp (file:///C:/Program%20Files/Adobe/Adobe%20Photoshop%202020/Required/www-butler/build/spaces.js:1:284)
    at file:///C:/Program%20Files/Adobe/Adobe%20Photoshop%202020/Required/www-butler/build/main.js:1:1", source: file:///C:/Program%20Files/Adobe/Adobe%20Photoshop%202020/Required/www-butler/build/external.js (1)
[0523/234742.863:INFO:CONSOLE(1)] "%cUnhandled rejection Error: unknown exception type
    at <anonymous>:1:1
From previous event:
    at O.M [as _captureStackTrace] (file:///C:/Program%20Files/Adobe/Adobe%20Photoshop%202020/Required/www-rich-tooltips/build/external.js:1:15957)
    at O._then (file:///C:/Program%20Files/Adobe/Adobe%20Photoshop%202020/Required/www-rich-tooltips/build/external.js:1:41006)
    at O.then (file:///C:/Program%20Files/Adobe/Adobe%20Photoshop%202020/Required/www-rich-tooltips/build/external.js:1:39362)
    at Object.24 (file:///C:/Program%20Files/Adobe/Adobe%20Photoshop%202020/Required/www-rich-tooltips/build/main.js:1:33074)
    at o (file:///C:/Program%20Files/Adobe/Adobe%20Photoshop%202020/Required/www-rich-tooltips/build/spaces.js:1:410)
    at window.webpackJsonp (file:///C:/Program%20Files/Adobe/Adobe%20Photoshop%202020/Required/www-rich-tooltips/build/spaces.js:1:284)
    at file:///C:/Program%20Files/Adobe/Adobe%20Photoshop%202020/Required/www-rich-tooltips/build/main.js:1:1", source: file:///C:/Program%20Files/Adobe/Adobe%20Photoshop%202020/Required/www-rich-tooltips/build/external.js (1)
[0523/234743.866:INFO:CONSOLE(1)] "%cUnhandled rejection Error: unknown exception type
    at <anonymous>:1:1
From previous event:
    at O.M [as _captureStackTrace] (file:///C:/Program%20Files/Adobe/Adobe%20Photoshop%202020/Required/www-rich-tooltips/build/external.js:1:15957)
    at O._then (file:///C:/Program%20Files/Adobe/Adobe%20Photoshop%202020/Required/www-rich-tooltips/build/external.js:1:41006)
    at O.then (file:///C:/Program%20Files/Adobe/Adobe%20Photoshop%202020/Required/www-rich-tooltips/build/external.js:1:39362)
    at Object.24 (file:///C:/Program%20Files/Adobe/Adobe%20Photoshop%202020/Required/www-rich-tooltips/build/main.js:1:33074)
    at o (file:///C:/Program%20Files/Adobe/Adobe%20Photoshop%202020/Required/www-rich-tooltips/build/spaces.js:1:410)
    at window.webpackJsonp (file:///C:/Program%20Files/Adobe/Adobe%20Photoshop%202020/Required/www-rich-tooltips/build/spaces.js:1:284)
    at file:///C:/Program%20Files/Adobe/Adobe%20Photoshop%202020/Required/www-rich-tooltips/build/main.js:1:1", source: file:///C:/Program%20Files/Adobe/Adobe%20Photoshop%202020/Required/www-rich-tooltips/build/external.js (1)
[0523/234745.867:INFO:CONSOLE(1)] "%cUnhandled rejection Error: unknown exception type
    at <anonymous>:1:1
From previous event:
    at O.M [as _captureStackTrace] (file:///C:/Program%20Files/Adobe/Adobe%20Photoshop%202020/Required/www-rich-tooltips/build/external.js:1:15957)
    at O._then (file:///C:/Program%20Files/Adobe/Adobe%20Photoshop%202020/Required/www-rich-tooltips/build/external.js:1:41006)
    at O.then (file:///C:/Program%20Files/Adobe/Adobe%20Photoshop%202020/Required/www-rich-tooltips/build/external.js:1:39362)
    at Object.24 (file:///C:/Program%20Files/Adobe/Adobe%20Photoshop%202020/Required/www-rich-tooltips/build/main.js:1:33074)
    at o (file:///C:/Program%20Files/Adobe/Adobe%20Photoshop%202020/Required/www-rich-tooltips/build/spaces.js:1:410)
    at window.webpackJsonp (file:///C:/Program%20Files/Adobe/Adobe%20Photoshop%202020/Required/www-rich-tooltips/build/spaces.js:1:284)
    at file:///C:/Program%20Files/Adobe/Adobe%20Photoshop%202020/Required/www-rich-tooltips/build/main.js:1:1", source: file:///C:/Program%20Files/Adobe/Adobe%20Photoshop%202020/Required/www-rich-tooltips/build/external.js (1)
[0526/080949.387:WARNING:dns_config_service_win.cc(668)] Failed to read DnsConfig.
[0526/080954.400:WARNING:dns_config_service_win.cc(668)] Failed to read DnsConfig.
[0526/080959.418:WARNING:dns_config_service_win.cc(668)] Failed to read DnsConfig.
[0526/081004.429:WARNING:dns_config_service_win.cc(668)] Failed to read DnsConfig.
[0526/081009.441:WARNING:dns_config_service_win.cc(668)] Failed to read DnsConfig.
[0526/081014.460:WARNING:dns_config_service_win.cc(668)] Failed to read DnsConfig.
[0526/081019.467:WARNING:dns_config_service_win.cc(668)] Failed to read DnsConfig.
[0526/081024.476:WARNING:dns_config_service_win.cc(668)] Failed to read DnsConfig.
[0526/081029.489:WARNING:dns_config_service_win.cc(668)] Failed to read DnsConfig.
[0526/081034.507:WARNING:dns_config_service_win.cc(668)] Failed to read DnsConfig.
[0526/081039.586:WARNING:dns_config_service_win.cc(668)] Failed to read DnsConfig.
[0526/081044.669:WARNING:dns_config_service_win.cc(668)] Failed to read DnsConfig.
[0526/081049.818:WARNING:dns_config_service_win.cc(668)] Failed to read DnsConfig.
[0526/081054.856:WARNING:dns_config_service_win.cc(668)] Failed to read DnsConfig.
[0526/081059.928:WARNING:dns_config_service_win.cc(668)] Failed to read DnsConfig.
[0526/081104.936:WARNING:dns_config_service_win.cc(668)] Failed to read DnsConfig.
[0526/081109.998:WARNING:dns_config_service_win.cc(668)] Failed to read DnsConfig.
[0526/081115.024:WARNING:dns_config_service_win.cc(668)] Failed to read DnsConfig.
[0526/081120.033:WARNING:dns_config_service_win.cc(668)] Failed to read DnsConfig.
[0526/081125.056:WARNING:dns_config_service_win.cc(668)] Failed to read DnsConfig.
[0526/081130.066:WARNING:dns_config_service_win.cc(668)] Failed to read DnsConfig.
[0526/081135.078:WARNING:dns_config_service_win.cc(668)] Failed to read DnsConfig.
[0526/081140.098:WARNING:dns_config_service_win.cc(668)] Failed to read DnsConfig.
[0526/081145.118:WARNING:dns_config_service_win.cc(668)] Failed to read DnsConfig.
[0526/081150.139:WARNING:dns_config_service_win.cc(668)] Failed to read DnsConfig.
[0526/081155.168:WARNING:dns_config_service_win.cc(668)] Failed to read DnsConfig.
[0526/081200.173:WARNING:dns_config_service_win.cc(668)] Failed to read DnsConfig.
[0526/081205.267:WARNING:dns_config_service_win.cc(668)] Failed to read DnsConfig.
[0526/081210.290:WARNING:dns_config_service_win.cc(668)] Failed to read DnsConfig.
[0526/081215.294:WARNING:dns_config_service_win.cc(668)] Failed to read DnsConfig.
[0526/081220.311:WARNING:dns_config_service_win.cc(668)] Failed to read DnsConfig.
[0526/081225.324:WARNING:dns_config_service_win.cc(668)] Failed to read DnsConfig.
[0526/081230.336:WARNING:dns_config_service_win.cc(668)] Failed to read DnsConfig.
[0526/081235.346:WARNING:dns_config_service_win.cc(668)] Failed to read DnsConfig.
[0526/081240.365:WARNING:dns_config_service_win.cc(668)] Failed to read DnsConfig.
[0526/081245.372:WARNING:dns_config_service_win.cc(668)] Failed to read DnsConfig.
[0526/081250.385:WARNING:dns_config_service_win.cc(668)] Failed to read DnsConfig.
[0526/081255.394:WARNING:dns_config_service_win.cc(668)] Failed to read DnsConfig.
[0526/081300.414:WARNING:dns_config_service_win.cc(668)] Failed to read DnsConfig.
[0526/081305.434:WARNING:dns_config_service_win.cc(668)] Failed to read DnsConfig.
[0526/081310.457:WARNING:dns_config_service_win.cc(668)] Failed to read DnsConfig.
[0526/081315.460:WARNING:dns_config_service_win.cc(668)] Failed to read DnsConfig.
[0526/081320.472:WARNING:dns_config_service_win.cc(668)] Failed to read DnsConfig.
[0526/081325.482:WARNING:dns_config_service_win.cc(668)] Failed to read DnsConfig.
[0526/081330.510:WARNING:dns_config_service_win.cc(668)] Failed to read DnsConfig.
[0526/081335.536:WARNING:dns_config_service_win.cc(668)] Failed to read DnsConfig.
[0526/081340.548:WARNING:dns_config_service_win.cc(668)] Failed to read DnsConfig.
[0526/081345.565:WARNING:dns_config_service_win.cc(668)] Failed to read DnsConfig.
[0526/081350.571:WARNING:dns_config_service_win.cc(668)] Failed to read DnsConfig.
[0526/081355.592:WARNING:dns_config_service_win.cc(668)] Failed to read DnsConfig.
[0526/081400.609:WARNING:dns_config_service_win.cc(668)] Failed to read DnsConfig.
[0526/081405.628:WARNING:dns_config_service_win.cc(668)] Failed to read DnsConfig.
[0526/081410.652:WARNING:dns_config_service_win.cc(668)] Failed to read DnsConfig.
[0526/081415.653:WARNING:dns_config_service_win.cc(668)] Failed to read DnsConfig.
[0526/081420.661:WARNING:dns_config_service_win.cc(668)] Failed to read DnsConfig.
[0526/081425.678:WARNING:dns_config_service_win.cc(668)] Failed to read DnsConfig.
[0526/081430.686:WARNING:dns_config_service_win.cc(668)] Failed to read DnsConfig.
[0526/081435.698:WARNING:dns_config_service_win.cc(668)] Failed to read DnsConfig.
[0526/081440.722:WARNING:dns_config_service_win.cc(668)] Failed to read DnsConfig.
[0526/081445.726:WARNING:dns_config_service_win.cc(668)] Failed to read DnsConfig.
[0526/081450.741:WARNING:dns_config_service_win.cc(668)] Failed to read DnsConfig.
[0526/081455.760:WARNING:dns_config_service_win.cc(668)] Failed to read DnsConfig.
[0526/081500.783:WARNING:dns_config_service_win.cc(668)] Failed to read DnsConfig.
[0526/081505.797:WARNING:dns_config_service_win.cc(668)] Failed to read DnsConfig.
[0526/081510.816:WARNING:dns_config_service_win.cc(668)] Failed to read DnsConfig.
[0526/081515.830:WARNING:dns_config_service_win.cc(668)] Failed to read DnsConfig.
[0526/081520.839:WARNING:dns_config_service_win.cc(668)] Failed to read DnsConfig.
[0526/081525.859:WARNING:dns_config_service_win.cc(668)] Failed to read DnsConfig.
[0526/081530.880:WARNING:dns_config_service_win.cc(668)] Failed to read DnsConfig.
[0526/081535.898:WARNING:dns_config_service_win.cc(668)] Failed to read DnsConfig.
[0526/081540.911:WARNING:dns_config_service_win.cc(668)] Failed to read DnsConfig.
[0526/081545.929:WARNING:dns_config_service_win.cc(668)] Failed to read DnsConfig.
[0526/081550.950:WARNING:dns_config_service_win.cc(668)] Failed to read DnsConfig.
[0526/081555.966:WARNING:dns_config_service_win.cc(668)] Failed to read DnsConfig.
[0526/081600.972:WARNING:dns_config_service_win.cc(668)] Failed to read DnsConfig.
[0526/081605.990:WARNING:dns_config_service_win.cc(668)] Failed to read DnsConfig.
[0526/081611.008:WARNING:dns_config_service_win.cc(668)] Failed to read DnsConfig.
[0526/081616.023:WARNING:dns_config_service_win.cc(668)] Failed to read DnsConfig.
[0526/081621.030:WARNING:dns_config_service_win.cc(668)] Failed to read DnsConfig.
[0526/081626.050:WARNING:dns_config_service_win.cc(668)] Failed to read DnsConfig.
[0526/081631.053:WARNING:dns_config_service_win.cc(668)] Failed to read DnsConfig.
[0526/081636.074:WARNING:dns_config_service_win.cc(668)] Failed to read DnsConfig.
[0526/081641.083:WARNING:dns_config_service_win.cc(668)] Failed to read DnsConfig.
[0526/081646.089:WARNING:dns_config_service_win.cc(668)] Failed to read DnsConfig.
[0526/081651.099:WARNING:dns_config_service_win.cc(668)] Failed to read DnsConfig.
[0526/081656.108:WARNING:dns_config_service_win.cc(668)] Failed to read DnsConfig.
[0526/081701.130:WARNING:dns_config_service_win.cc(668)] Failed to read DnsConfig.
[0526/081706.152:WARNING:dns_config_service_win.cc(668)] Failed to read DnsConfig.
[0526/081711.162:WARNING:dns_config_service_win.cc(668)] Failed to read DnsConfig.
[0526/081716.176:WARNING:dns_config_service_win.cc(668)] Failed to read DnsConfig.
[0526/081721.185:WARNING:dns_config_service_win.cc(668)] Failed to read DnsConfig.
[0526/081726.199:WARNING:dns_config_service_win.cc(668)] Failed to read DnsConfig.
[0526/081731.209:WARNING:dns_config_service_win.cc(668)] Failed to read DnsConfig.
[0526/081736.222:WARNING:dns_config_service_win.cc(668)] Failed to read DnsConfig.
[0526/081741.227:WARNING:dns_config_service_win.cc(668)] Failed to read DnsConfig.
[0526/081746.300:WARNING:dns_config_service_win.cc(668)] Failed to read DnsConfig.
[0526/081751.361:WARNING:dns_config_service_win.cc(668)] Failed to read DnsConfig.
[0526/081756.364:WARNING:dns_config_service_win.cc(668)] Failed to read DnsConfig.
[0526/081801.371:WARNING:dns_config_service_win.cc(668)] Failed to read DnsConfig.
[0526/081806.379:WARNING:dns_config_service_win.cc(668)] Failed to read DnsConfig.
[0526/081811.387:WARNING:dns_config_service_win.cc(668)] Failed to read DnsConfig.
[0526/081816.407:WARNING:dns_config_service_win.cc(668)] Failed to read DnsConfig.
[0526/081821.429:WARNING:dns_config_service_win.cc(668)] Failed to read DnsConfig.
[0526/081826.446:WARNING:dns_config_service_win.cc(668)] Failed to read DnsConfig.
[0526/081831.456:WARNING:dns_config_service_win.cc(668)] Failed to read DnsConfig.
[0526/081836.477:WARNING:dns_config_service_win.cc(668)] Failed to read DnsConfig.
[0526/081841.489:WARNING:dns_config_service_win.cc(668)] Failed to read DnsConfig.
[0526/081846.500:WARNING:dns_config_service_win.cc(668)] Failed to read DnsConfig.
[0526/081851.520:WARNING:dns_config_service_win.cc(668)] Failed to read DnsConfig.
[0526/081856.535:WARNING:dns_config_service_win.cc(668)] Failed to read DnsConfig.
[0526/081901.560:WARNING:dns_config_service_win.cc(668)] Failed to read DnsConfig.
[0526/081906.564:WARNING:dns_config_service_win.cc(668)] Failed to read DnsConfig.
[0526/081911.574:WARNING:dns_config_service_win.cc(668)] Failed to read DnsConfig.
[0526/081916.588:WARNING:dns_config_service_win.cc(668)] Failed to read DnsConfig.
[0526/081921.611:WARNING:dns_config_service_win.cc(668)] Failed to read DnsConfig.
[0526/081926.621:WARNING:dns_config_service_win.cc(668)] Failed to read DnsConfig.
[0526/081931.635:WARNING:dns_config_service_win.cc(668)] Failed to read DnsConfig.
[0526/081936.651:WARNING:dns_config_service_win.cc(668)] Failed to read DnsConfig.
[0526/081941.659:WARNING:dns_config_service_win.cc(668)] Failed to read DnsConfig.
[0526/081946.678:WARNING:dns_config_service_win.cc(668)] Failed to read DnsConfig.
[0526/081951.689:WARNING:dns_config_service_win.cc(668)] Failed to read DnsConfig.
[0526/081956.705:WARNING:dns_config_service_win.cc(668)] Failed to read DnsConfig.
[0526/082001.728:WARNING:dns_config_service_win.cc(668)] Failed to read DnsConfig.
[0526/082006.737:WARNING:dns_config_service_win.cc(668)] Failed to read DnsConfig.
[0526/082011.744:WARNING:dns_config_service_win.cc(668)] Failed to read DnsConfig.
[0526/082016.759:WARNING:dns_config_service_win.cc(668)] Failed to read DnsConfig.
[0526/082021.767:WARNING:dns_config_service_win.cc(668)] Failed to read DnsConfig.
[0526/082026.786:WARNING:dns_config_service_win.cc(668)] Failed to read DnsConfig.
[0526/082031.795:WARNING:dns_config_service_win.cc(668)] Failed to read DnsConfig.
[0526/082036.815:WARNING:dns_config_service_win.cc(668)] Failed to read DnsConfig.
[0526/082041.842:WARNING:dns_config_service_win.cc(668)] Failed to read DnsConfig.
[0526/082046.859:WARNING:dns_config_service_win.cc(668)] Failed to read DnsConfig.
[0526/082051.874:WARNING:dns_config_service_win.cc(668)] Failed to read DnsConfig.
[0526/082056.887:WARNING:dns_config_service_win.cc(668)] Failed to read DnsConfig.
[0526/082101.904:WARNING:dns_config_service_win.cc(668)] Failed to read DnsConfig.
[0526/082106.926:WARNING:dns_config_service_win.cc(668)] Failed to read DnsConfig.
[0526/082111.963:WARNING:dns_config_service_win.cc(668)] Failed to read DnsConfig.
[0526/082116.964:WARNING:dns_config_service_win.cc(668)] Failed to read DnsConfig.
[0526/082121.974:WARNING:dns_config_service_win.cc(668)] Failed to read DnsConfig.
[0526/082126.984:WARNING:dns_config_service_win.cc(668)] Failed to read DnsConfig.
[0526/082132.000:WARNING:dns_config_service_win.cc(668)] Failed to read DnsConfig.
[0526/082137.019:WARNING:dns_config_service_win.cc(668)] Failed to read DnsConfig.
[0526/082142.024:WARNING:dns_config_service_win.cc(668)] Failed to read DnsConfig.
[0526/082147.030:WARNING:dns_config_service_win.cc(668)] Failed to read DnsConfig.
[0526/082152.050:WARNING:dns_config_service_win.cc(668)] Failed to read DnsConfig.
[0526/082157.063:WARNING:dns_config_service_win.cc(668)] Failed to read DnsConfig.
[0526/082202.078:WARNING:dns_config_service_win.cc(668)] Failed to read DnsConfig.
[0526/082207.095:WARNING:dns_config_service_win.cc(668)] Failed to read DnsConfig.
[0526/082212.110:WARNING:dns_config_service_win.cc(668)] Failed to read DnsConfig.
[0526/082217.128:WARNING:dns_config_service_win.cc(668)] Failed to read DnsConfig.
[0526/082222.144:WARNING:dns_config_service_win.cc(668)] Failed to read DnsConfig.
[0526/082227.149:WARNING:dns_config_service_win.cc(668)] Failed to read DnsConfig.
[0526/082232.158:WARNING:dns_config_service_win.cc(668)] Failed to read DnsConfig.
[0526/082237.165:WARNING:dns_config_service_win.cc(668)] Failed to read DnsConfig.
[0526/082242.184:WARNING:dns_config_service_win.cc(668)] Failed to read DnsConfig.
[0526/082247.206:WARNING:dns_config_service_win.cc(668)] Failed to read DnsConfig.
[0526/082252.210:WARNING:dns_config_service_win.cc(668)] Failed to read DnsConfig.
[0526/082257.234:WARNING:dns_config_service_win.cc(668)] Failed to read DnsConfig.
[0526/082302.253:WARNING:dns_config_service_win.cc(668)] Failed to read DnsConfig.
[0526/082307.271:WARNING:dns_config_service_win.cc(668)] Failed to read DnsConfig.
[0526/082312.279:WARNING:dns_config_service_win.cc(668)] Failed to read DnsConfig.
[0526/082317.289:WARNING:dns_config_service_win.cc(668)] Failed to read DnsConfig.
[0526/082322.312:WARNING:dns_config_service_win.cc(668)] Failed to read DnsConfig.
[0526/082327.330:WARNING:dns_config_service_win.cc(668)] Failed to read DnsConfig.
[0526/082332.341:WARNING:dns_config_service_win.cc(668)] Failed to read DnsConfig.
[0526/082337.355:WARNING:dns_config_service_win.cc(668)] Failed to read DnsConfig.
[0526/082342.369:WARNING:dns_config_service_win.cc(668)] Failed to read DnsConfig.
[0526/082347.380:WARNING:dns_config_service_win.cc(668)] Failed to read DnsConfig.
[0526/082352.400:WARNING:dns_config_service_win.cc(668)] Failed to read DnsConfig.
[0526/082357.418:WARNING:dns_config_service_win.cc(668)] Failed to read DnsConfig.
[0526/082402.427:WARNING:dns_config_service_win.cc(668)] Failed to read DnsConfig.
[0526/082407.446:WARNING:dns_config_service_win.cc(668)] Failed to read DnsConfig.
[0526/082412.464:WARNING:dns_config_service_win.cc(668)] Failed to read DnsConfig.
[0526/082417.483:WARNING:dns_config_service_win.cc(668)] Failed to read DnsConfig.
[0526/082422.492:WARNING:dns_config_service_win.cc(668)] Failed to read DnsConfig.
[0526/082427.499:WARNING:dns_config_service_win.cc(668)] Failed to read DnsConfig.
[0526/082432.514:WARNING:dns_config_service_win.cc(668)] Failed to read DnsConfig.
[0526/082437.529:WARNING:dns_config_service_win.cc(668)] Failed to read DnsConfig.
[0526/082442.549:WARNING:dns_config_service_win.cc(668)] Failed to read DnsConfig.
[0526/082447.569:WARNING:dns_config_service_win.cc(668)] Failed to read DnsConfig.
[0526/082452.577:WARNING:dns_config_service_win.cc(668)] Failed to read DnsConfig.
[0526/082457.605:WARNING:dns_config_service_win.cc(668)] Failed to read DnsConfig.
[0526/082502.617:WARNING:dns_config_service_win.cc(668)] Failed to read DnsConfig.
[0526/082507.645:WARNING:dns_config_service_win.cc(668)] Failed to read DnsConfig.
[0526/082512.664:WARNING:dns_config_service_win.cc(668)] Failed to read DnsConfig.
[0526/082517.675:WARNING:dns_config_service_win.cc(668)] Failed to read DnsConfig.
[0526/082522.679:WARNING:dns_config_service_win.cc(668)] Failed to read DnsConfig.
[0526/082527.693:WARNING:dns_config_service_win.cc(668)] Failed to read DnsConfig.
[0526/082532.703:WARNING:dns_config_service_win.cc(668)] Failed to read DnsConfig.
[0526/082537.710:WARNING:dns_config_service_win.cc(668)] Failed to read DnsConfig.
[0526/082542.725:WARNING:dns_config_service_win.cc(668)] Failed to read DnsConfig.
[0526/082547.734:WARNING:dns_config_service_win.cc(668)] Failed to read DnsConfig.
[0526/082552.744:WARNING:dns_config_service_win.cc(668)] Failed to read DnsConfig.
[0526/082557.770:WARNING:dns_config_service_win.cc(668)] Failed to read DnsConfig.
[0526/082602.787:WARNING:dns_config_service_win.cc(668)] Failed to read DnsConfig.
[0526/082607.806:WARNING:dns_config_service_win.cc(668)] Failed to read DnsConfig.
[0526/082612.815:WARNING:dns_config_service_win.cc(668)] Failed to read DnsConfig.
[0526/082617.823:WARNING:dns_config_service_win.cc(668)] Failed to read DnsConfig.
[0526/082622.836:WARNING:dns_config_service_win.cc(668)] Failed to read DnsConfig.
[0526/082627.859:WARNING:dns_config_service_win.cc(668)] Failed to read DnsConfig.
[0526/082632.877:WARNING:dns_config_service_win.cc(668)] Failed to read DnsConfig.
[0526/082637.894:WARNING:dns_config_service_win.cc(668)] Failed to read DnsConfig.
[0526/082642.930:WARNING:dns_config_service_win.cc(668)] Failed to read DnsConfig.
[0526/082647.937:WARNING:dns_config_service_win.cc(668)] Failed to read DnsConfig.
[0526/082652.960:WARNING:dns_config_service_win.cc(668)] Failed to read DnsConfig.
[0526/082657.978:WARNING:dns_config_service_win.cc(668)] Failed to read DnsConfig.
[0526/082703.004:WARNING:dns_config_service_win.cc(668)] Failed to read DnsConfig.
[0526/082708.015:WARNING:dns_config_service_win.cc(668)] Failed to read DnsConfig.
[0526/082713.022:WARNING:dns_config_service_win.cc(668)] Failed to read DnsConfig.
[0526/082718.037:WARNING:dns_config_service_win.cc(668)] Failed to read DnsConfig.
[0526/082723.051:WARNING:dns_config_service_win.cc(668)] Failed to read DnsConfig.
[0526/082728.066:WARNING:dns_config_service_win.cc(668)] Failed to read DnsConfig.
[0526/082733.094:WARNING:dns_config_service_win.cc(668)] Failed to read DnsConfig.
[0526/082738.107:WARNING:dns_config_service_win.cc(668)] Failed to read DnsConfig.
[0526/082743.117:WARNING:dns_config_service_win.cc(668)] Failed to read DnsConfig.
[0526/082748.127:WARNING:dns_config_service_win.cc(668)] Failed to read DnsConfig.
[0526/082753.147:WARNING:dns_config_service_win.cc(668)] Failed to read DnsConfig.
[0526/082758.150:WARNING:dns_config_service_win.cc(668)] Failed to read DnsConfig.
[0526/082803.166:WARNING:dns_config_service_win.cc(668)] Failed to read DnsConfig.
[0526/082808.175:WARNING:dns_config_service_win.cc(668)] Failed to read DnsConfig.
[0526/082813.191:WARNING:dns_config_service_win.cc(668)] Failed to read DnsConfig.
[0526/082818.200:WARNING:dns_config_service_win.cc(668)] Failed to read DnsConfig.
[0526/082823.219:WARNING:dns_config_service_win.cc(668)] Failed to read DnsConfig.
[0526/082828.231:WARNING:dns_config_service_win.cc(668)] Failed to read DnsConfig.
[0526/082833.245:WARNING:dns_config_service_win.cc(668)] Failed to read DnsConfig.
[0526/082838.266:WARNING:dns_config_service_win.cc(668)] Failed to read DnsConfig.
[0526/082843.284:WARNING:dns_config_service_win.cc(668)] Failed to read DnsConfig.
[0526/082848.307:WARNING:dns_config_service_win.cc(668)] Failed to read DnsConfig.
[0526/082853.317:WARNING:dns_config_service_win.cc(668)] Failed to read DnsConfig.
[0526/082858.330:WARNING:dns_config_service_win.cc(668)] Failed to read DnsConfig.
[0526/082903.339:WARNING:dns_config_service_win.cc(668)] Failed to read DnsConfig.
[0526/082908.353:WARNING:dns_config_service_win.cc(668)] Failed to read DnsConfig.
[0526/082913.363:WARNING:dns_config_service_win.cc(668)] Failed to read DnsConfig.
[0526/082918.390:WARNING:dns_config_service_win.cc(668)] Failed to read DnsConfig.
[0526/082923.403:WARNING:dns_config_service_win.cc(668)] Failed to read DnsConfig.
[0526/082928.417:WARNING:dns_config_service_win.cc(668)] Failed to read DnsConfig.
[0526/082933.438:WARNING:dns_config_service_win.cc(668)] Failed to read DnsConfig.
[0526/082938.448:WARNING:dns_config_service_win.cc(668)] Failed to read DnsConfig.
[0526/082943.458:WARNING:dns_config_service_win.cc(668)] Failed to read DnsConfig.
[0526/082948.466:WARNING:dns_config_service_win.cc(668)] Failed to read DnsConfig.
[0526/082953.477:WARNING:dns_config_service_win.cc(668)] Failed to read DnsConfig.
[0526/082958.497:WARNING:dns_config_service_win.cc(668)] Failed to read DnsConfig.
[0526/083003.510:WARNING:dns_config_service_win.cc(668)] Failed to read DnsConfig.
[0526/083008.525:WARNING:dns_config_service_win.cc(668)] Failed to read DnsConfig.
[0526/083013.532:WARNING:dns_config_service_win.cc(668)] Failed to read DnsConfig.
[0526/083018.541:WARNING:dns_config_service_win.cc(668)] Failed to read DnsConfig.
[0526/083023.560:WARNING:dns_config_service_win.cc(668)] Failed to read DnsConfig.
[0526/083028.578:WARNING:dns_config_service_win.cc(668)] Failed to read DnsConfig.
[0526/083033.592:WARNING:dns_config_service_win.cc(668)] Failed to read DnsConfig.
[0526/083038.610:WARNING:dns_config_service_win.cc(668)] Failed to read DnsConfig.
[0526/083043.621:WARNING:dns_config_service_win.cc(668)] Failed to read DnsConfig.
[0526/083048.631:WARNING:dns_config_service_win.cc(668)] Failed to read DnsConfig.
[0526/083053.651:WARNING:dns_config_service_win.cc(668)] Failed to read DnsConfig.
[0526/083058.669:WARNING:dns_config_service_win.cc(668)] Failed to read DnsConfig.
[0526/083103.680:WARNING:dns_config_service_win.cc(668)] Failed to read DnsConfig.
[0526/083108.703:WARNING:dns_config_service_win.cc(668)] Failed to read DnsConfig.
[0526/083113.711:WARNING:dns_config_service_win.cc(668)] Failed to read DnsConfig.
[0526/083118.726:WARNING:dns_config_service_win.cc(668)] Failed to read DnsConfig.
[0526/083123.744:WARNING:dns_config_service_win.cc(668)] Failed to read DnsConfig.
[0526/083128.756:WARNING:dns_config_service_win.cc(668)] Failed to read DnsConfig.
[0526/083133.761:WARNING:dns_config_service_win.cc(668)] Failed to read DnsConfig.
[0526/083138.794:WARNING:dns_config_service_win.cc(668)] Failed to read DnsConfig.
[0526/083143.807:WARNING:dns_config_service_win.cc(668)] Failed to read DnsConfig.
[0526/083148.826:WARNING:dns_config_service_win.cc(668)] Failed to read DnsConfig.
[0526/083153.837:WARNING:dns_config_service_win.cc(668)] Failed to read DnsConfig.
[0526/083158.844:WARNING:dns_config_service_win.cc(668)] Failed to read DnsConfig.
[0526/083203.862:WARNING:dns_config_service_win.cc(668)] Failed to read DnsConfig.
[0526/083208.878:WARNING:dns_config_service_win.cc(668)] Failed to read DnsConfig.
[0526/083213.887:WARNING:dns_config_service_win.cc(668)] Failed to read DnsConfig.
[0526/083218.909:WARNING:dns_config_service_win.cc(668)] Failed to read DnsConfig.
[0526/083223.917:WARNING:dns_config_service_win.cc(668)] Failed to read DnsConfig.
[0526/083228.933:WARNING:dns_config_service_win.cc(668)] Failed to read DnsConfig.
[0526/083233.947:WARNING:dns_config_service_win.cc(668)] Failed to read DnsConfig.
[0526/083238.966:WARNING:dns_config_service_win.cc(668)] Failed to read DnsConfig.
[0526/083243.996:WARNING:dns_config_service_win.cc(668)] Failed to read DnsConfig.
[0526/083249.152:WARNING:dns_config_service_win.cc(668)] Failed to read DnsConfig.
[0526/083254.221:WARNING:dns_config_service_win.cc(668)] Failed to read DnsConfig.
[0526/083259.246:WARNING:dns_config_service_win.cc(668)] Failed to read DnsConfig.
[0526/083304.267:WARNING:dns_config_service_win.cc(668)] Failed to read DnsConfig.
[0526/083309.289:WARNING:dns_config_service_win.cc(668)] Failed to read DnsConfig.
[0526/083314.293:WARNING:dns_config_service_win.cc(668)] Failed to read DnsConfig.
[0526/083319.301:WARNING:dns_config_service_win.cc(668)] Failed to read DnsConfig.
[0526/083324.321:WARNING:dns_config_service_win.cc(668)] Failed to read DnsConfig.
[0526/083329.333:WARNING:dns_config_service_win.cc(668)] Failed to read DnsConfig.
[0526/083334.352:WARNING:dns_config_service_win.cc(668)] Failed to read DnsConfig.
[0526/083339.361:WARNING:dns_config_service_win.cc(668)] Failed to read DnsConfig.
[0526/083344.371:WARNING:dns_config_service_win.cc(668)] Failed to read DnsConfig.
[0526/083349.394:WARNING:dns_config_service_win.cc(668)] Failed to read DnsConfig.
[0526/083354.398:WARNING:dns_config_service_win.cc(668)] Failed to read DnsConfig.
[0526/083359.420:WARNING:dns_config_service_win.cc(668)] Failed to read DnsConfig.
[0526/083404.429:WARNING:dns_config_service_win.cc(668)] Failed to read DnsConfig.
[0526/083409.444:WARNING:dns_config_service_win.cc(668)] Failed to read DnsConfig.
[0526/083414.450:WARNING:dns_config_service_win.cc(668)] Failed to read DnsConfig.
[0526/083419.459:WARNING:dns_config_service_win.cc(668)] Failed to read DnsConfig.
[0526/083424.466:WARNING:dns_config_service_win.cc(668)] Failed to read DnsConfig.
[0526/083429.488:WARNING:dns_config_service_win.cc(668)] Failed to read DnsConfig.
[0526/083434.499:WARNING:dns_config_service_win.cc(668)] Failed to read DnsConfig.
[0526/083439.512:WARNING:dns_config_service_win.cc(668)] Failed to read DnsConfig.
[0526/083444.536:WARNING:dns_config_service_win.cc(668)] Failed to read DnsConfig.
[0526/083449.547:WARNING:dns_config_service_win.cc(668)] Failed to read DnsConfig.
[0526/083454.556:WARNING:dns_config_service_win.cc(668)] Failed to read DnsConfig.
[0526/083459.565:WARNING:dns_config_service_win.cc(668)] Failed to read DnsConfig.
[0526/083504.576:WARNING:dns_config_service_win.cc(668)] Failed to read DnsConfig.
[0526/083509.584:WARNING:dns_config_service_win.cc(668)] Failed to read DnsConfig.
[0526/083514.601:WARNING:dns_config_service_win.cc(668)] Failed to read DnsConfig.
[0526/083519.616:WARNING:dns_config_service_win.cc(668)] Failed to read DnsConfig.
[0526/083524.629:WARNING:dns_config_service_win.cc(668)] Failed to read DnsConfig.
[0526/083529.641:WARNING:dns_config_service_win.cc(668)] Failed to read DnsConfig.
[0526/083534.655:WARNING:dns_config_service_win.cc(668)] Failed to read DnsConfig.
[0526/083539.669:WARNING:dns_config_service_win.cc(668)] Failed to read DnsConfig.
[0526/083544.679:WARNING:dns_config_service_win.cc(668)] Failed to read DnsConfig.
[0526/083549.701:WARNING:dns_config_service_win.cc(668)] Failed to read DnsConfig.
[0526/083554.713:WARNING:dns_config_service_win.cc(668)] Failed to read DnsConfig.
[0526/083559.735:WARNING:dns_config_service_win.cc(668)] Failed to read DnsConfig.
[0526/083604.754:WARNING:dns_config_service_win.cc(668)] Failed to read DnsConfig.
[0526/083609.765:WARNING:dns_config_service_win.cc(668)] Failed to read DnsConfig.
[0526/083614.780:WARNING:dns_config_service_win.cc(668)] Failed to read DnsConfig.
[0526/083619.790:WARNING:dns_config_service_win.cc(668)] Failed to read DnsConfig.
[0526/083624.809:WARNING:dns_config_service_win.cc(668)] Failed to read DnsConfig.
[0526/083629.820:WARNING:dns_config_service_win.cc(668)] Failed to read DnsConfig.
[0526/083634.828:WARNING:dns_config_service_win.cc(668)] Failed to read DnsConfig.
[0526/083639.839:WARNING:dns_config_service_win.cc(668)] Failed to read DnsConfig.
[0526/083644.850:WARNING:dns_config_service_win.cc(668)] Failed to read DnsConfig.
[0526/083649.865:WARNING:dns_config_service_win.cc(668)] Failed to read DnsConfig.
[0526/083654.872:WARNING:dns_config_service_win.cc(668)] Failed to read DnsConfig.
[0526/083659.886:WARNING:dns_config_service_win.cc(668)] Failed to read DnsConfig.
[0526/083704.902:WARNING:dns_config_service_win.cc(668)] Failed to read DnsConfig.
[0526/083709.915:WARNING:dns_config_service_win.cc(668)] Failed to read DnsConfig.
[0526/083714.942:WARNING:dns_config_service_win.cc(668)] Failed to read DnsConfig.
[0526/083719.944:WARNING:dns_config_service_win.cc(668)] Failed to read DnsConfig.
[0526/083724.955:WARNING:dns_config_service_win.cc(668)] Failed to read DnsConfig.
[0526/083729.969:WARNING:dns_config_service_win.cc(668)] Failed to read DnsConfig.
[0526/083734.984:WARNING:dns_config_service_win.cc(668)] Failed to read DnsConfig.
[0526/083739.998:WARNING:dns_config_service_win.cc(668)] Failed to read DnsConfig.
[0526/083745.013:WARNING:dns_config_service_win.cc(668)] Failed to read DnsConfig.
[0526/083750.019:WARNING:dns_config_service_win.cc(668)] Failed to read DnsConfig.
[0526/083755.031:WARNING:dns_config_service_win.cc(668)] Failed to read DnsConfig.
[0526/083800.045:WARNING:dns_config_service_win.cc(668)] Failed to read DnsConfig.
[0526/083805.065:WARNING:dns_config_service_win.cc(668)] Failed to read DnsConfig.
[0526/083810.069:WARNING:dns_config_service_win.cc(668)] Failed to read DnsConfig.
[0526/083815.090:WARNING:dns_config_service_win.cc(668)] Failed to read DnsConfig.
[0526/083820.109:WARNING:dns_config_service_win.cc(668)] Failed to read DnsConfig.
[0526/083920.759:WARNING:dns_config_service_win.cc(668)] Failed to read DnsConfig.
[0526/083925.767:WARNING:dns_config_service_win.cc(668)] Failed to read DnsConfig.
[0526/083930.783:WARNING:dns_config_service_win.cc(668)] Failed to read DnsConfig.
[0526/083935.796:WARNING:dns_config_service_win.cc(668)] Failed to read DnsConfig.
[0526/083940.803:WARNING:dns_config_service_win.cc(668)] Failed to read DnsConfig.
[0526/083945.819:WARNING:dns_config_service_win.cc(668)] Failed to read DnsConfig.
[0526/083950.821:WARNING:dns_config_service_win.cc(668)] Failed to read DnsConfig.
[0526/083955.833:WARNING:dns_config_service_win.cc(668)] Failed to read DnsConfig.
[0526/084000.848:WARNING:dns_config_service_win.cc(668)] Failed to read DnsConfig.
[0526/084005.854:WARNING:dns_config_service_win.cc(668)] Failed to read DnsConfig.
[0526/084010.860:WARNING:dns_config_service_win.cc(668)] Failed to read DnsConfig.
[0526/084015.879:WARNING:dns_config_service_win.cc(668)] Failed to read DnsConfig.
[0526/084020.889:WARNING:dns_config_service_win.cc(668)] Failed to read DnsConfig.
[0526/084025.901:WARNING:dns_config_service_win.cc(668)] Failed to read DnsConfig.
[0526/084030.920:WARNING:dns_config_service_win.cc(668)] Failed to read DnsConfig.
[0526/084035.930:WARNING:dns_config_service_win.cc(668)] Failed to read DnsConfig.
[0526/084040.938:WARNING:dns_config_service_win.cc(668)] Failed to read DnsConfig.
[0526/084045.963:WARNING:dns_config_service_win.cc(668)] Failed to read DnsConfig.
[0526/084050.974:WARNING:dns_config_service_win.cc(668)] Failed to read DnsConfig.
[0526/084055.979:WARNING:dns_config_service_win.cc(668)] Failed to read DnsConfig.
[0526/084100.986:WARNING:dns_config_service_win.cc(668)] Failed to read DnsConfig.
[0526/084106.004:WARNING:dns_config_service_win.cc(668)] Failed to read DnsConfig.
[0526/084111.017:WARNING:dns_config_service_win.cc(668)] Failed to read DnsConfig.
[0526/084116.023:WARNING:dns_config_service_win.cc(668)] Failed to read DnsConfig.
[0526/084121.030:WARNING:dns_config_service_win.cc(668)] Failed to read DnsConfig.
[0526/084126.038:WARNING:dns_config_service_win.cc(668)] Failed to read DnsConfig.
[0526/084131.054:WARNING:dns_config_service_win.cc(668)] Failed to read DnsConfig.
[0526/084136.072:WARNING:dns_config_service_win.cc(668)] Failed to read DnsConfig.
[0526/084141.074:WARNING:dns_config_service_win.cc(668)] Failed to read DnsConfig.
[0526/084146.082:WARNING:dns_config_service_win.cc(668)] Failed to read DnsConfig.
[0526/084151.093:WARNING:dns_config_service_win.cc(668)] Failed to read DnsConfig.
[0526/084156.115:WARNING:dns_config_service_win.cc(668)] Failed to read DnsConfig.
[0526/084201.120:WARNING:dns_config_service_win.cc(668)] Failed to read DnsConfig.
[0526/084206.138:WARNING:dns_config_service_win.cc(668)] Failed to read DnsConfig.
[0526/084211.152:WARNING:dns_config_service_win.cc(668)] Failed to read DnsConfig.
[0526/084216.165:WARNING:dns_config_service_win.cc(668)] Failed to read DnsConfig.
[0526/084221.179:WARNING:dns_config_service_win.cc(668)] Failed to read DnsConfig.
[0526/084226.199:WARNING:dns_config_service_win.cc(668)] Failed to read DnsConfig.
[0526/084231.204:WARNING:dns_config_service_win.cc(668)] Failed to read DnsConfig.
[0526/084236.234:WARNING:dns_config_service_win.cc(668)] Failed to read DnsConfig.
[0526/084241.251:WARNING:dns_config_service_win.cc(668)] Failed to read DnsConfig.
[0526/084246.268:WARNING:dns_config_service_win.cc(668)] Failed to read DnsConfig.
[0526/084251.287:WARNING:dns_config_service_win.cc(668)] Failed to read DnsConfig.
[0526/084256.294:WARNING:dns_config_service_win.cc(668)] Failed to read DnsConfig.
[0526/084301.306:WARNING:dns_config_service_win.cc(668)] Failed to read DnsConfig.
[0526/084306.325:WARNING:dns_config_service_win.cc(668)] Failed to read DnsConfig.
[0526/084311.338:WARNING:dns_config_service_win.cc(668)] Failed to read DnsConfig.
[0526/084316.353:WARNING:dns_config_service_win.cc(668)] Failed to read DnsConfig.
[0526/084321.364:WARNING:dns_config_service_win.cc(668)] Failed to read DnsConfig.
[0526/084326.391:WARNING:dns_config_service_win.cc(668)] Failed to read DnsConfig.
[0526/084331.391:WARNING:dns_config_service_win.cc(668)] Failed to read DnsConfig.
[0526/084336.399:WARNING:dns_config_service_win.cc(668)] Failed to read DnsConfig.
[0526/084341.415:WARNING:dns_config_service_win.cc(668)] Failed to read DnsConfig.
[0526/084346.433:WARNING:dns_config_service_win.cc(668)] Failed to read DnsConfig.
[0526/084351.447:WARNING:dns_config_service_win.cc(668)] Failed to read DnsConfig.
[0526/084356.453:WARNING:dns_config_service_win.cc(668)] Failed to read DnsConfig.
[0526/084401.483:WARNING:dns_config_service_win.cc(668)] Failed to read DnsConfig.
[0526/084406.497:WARNING:dns_config_service_win.cc(668)] Failed to read DnsConfig.
[0526/084411.507:WARNING:dns_config_service_win.cc(668)] Failed to read DnsConfig.
[0526/084416.515:WARNING:dns_config_service_win.cc(668)] Failed to read DnsConfig.
[0526/084421.532:WARNING:dns_config_service_win.cc(668)] Failed to read DnsConfig.
[0526/084426.552:WARNING:dns_config_service_win.cc(668)] Failed to read DnsConfig.
[0526/084431.562:WARNING:dns_config_service_win.cc(668)] Failed to read DnsConfig.
[0526/084436.570:WARNING:dns_config_service_win.cc(668)] Failed to read DnsConfig.
[0526/084441.590:WARNING:dns_config_service_win.cc(668)] Failed to read DnsConfig.
[0526/084446.606:WARNING:dns_config_service_win.cc(668)] Failed to read DnsConfig.
[0526/084451.612:WARNING:dns_config_service_win.cc(668)] Failed to read DnsConfig.
[0526/084456.626:WARNING:dns_config_service_win.cc(668)] Failed to read DnsConfig.
[0526/084501.629:WARNING:dns_config_service_win.cc(668)] Failed to read DnsConfig.
[0526/084506.645:WARNING:dns_config_service_win.cc(668)] Failed to read DnsConfig.
[0526/084511.661:WARNING:dns_config_service_win.cc(668)] Failed to read DnsConfig.
[0526/084516.672:WARNING:dns_config_service_win.cc(668)] Failed to read DnsConfig.
[0526/084521.680:WARNING:dns_config_service_win.cc(668)] Failed to read DnsConfig.
[0526/084526.686:WARNING:dns_config_service_win.cc(668)] Failed to read DnsConfig.
[0526/084531.711:WARNING:dns_config_service_win.cc(668)] Failed to read DnsConfig.
[0526/084536.718:WARNING:dns_config_service_win.cc(668)] Failed to read DnsConfig.
[0526/084541.723:WARNING:dns_config_service_win.cc(668)] Failed to read DnsConfig.
[0526/084546.750:WARNING:dns_config_service_win.cc(668)] Failed to read DnsConfig.
[0526/084551.763:WARNING:dns_config_service_win.cc(668)] Failed to read DnsConfig.
[0526/084556.774:WARNING:dns_config_service_win.cc(668)] Failed to read DnsConfig.
[0526/084601.789:WARNING:dns_config_service_win.cc(668)] Failed to read DnsConfig.
[0526/084606.806:WARNING:dns_config_service_win.cc(668)] Failed to read DnsConfig.
[0526/084611.816:WARNING:dns_config_service_win.cc(668)] Failed to read DnsConfig.
[0526/084616.826:WARNING:dns_config_service_win.cc(668)] Failed to read DnsConfig.
[0526/084621.846:WARNING:dns_config_service_win.cc(668)] Failed to read DnsConfig.
[0526/084626.849:WARNING:dns_config_service_win.cc(668)] Failed to read DnsConfig.
[0526/084631.870:WARNING:dns_config_service_win.cc(668)] Failed to read DnsConfig.
[0526/084636.890:WARNING:dns_config_service_win.cc(668)] Failed to read DnsConfig.
[0526/084641.901:WARNING:dns_config_service_win.cc(668)] Failed to read DnsConfig.
[0526/084646.918:WARNING:dns_config_service_win.cc(668)] Failed to read DnsConfig.
[0526/084651.929:WARNING:dns_config_service_win.cc(668)] Failed to read DnsConfig.
[0526/084656.938:WARNING:dns_config_service_win.cc(668)] Failed to read DnsConfig.
[0526/084701.963:WARNING:dns_config_service_win.cc(668)] Failed to read DnsConfig.
[0526/084706.971:WARNING:dns_config_service_win.cc(668)] Failed to read DnsConfig.
[0526/084711.978:WARNING:dns_config_service_win.cc(668)] Failed to read DnsConfig.
[0526/084716.996:WARNING:dns_config_service_win.cc(668)] Failed to read DnsConfig.
[0526/084722.004:WARNING:dns_config_service_win.cc(668)] Failed to read DnsConfig.
[0526/084727.029:WARNING:dns_config_service_win.cc(668)] Failed to read DnsConfig.
[0526/084732.044:WARNING:dns_config_service_win.cc(668)] Failed to read DnsConfig.
[0526/084737.066:WARNING:dns_config_service_win.cc(668)] Failed to read DnsConfig.
[0526/084742.073:WARNING:dns_config_service_win.cc(668)] Failed to read DnsConfig.
[0526/084747.086:WARNING:dns_config_service_win.cc(668)] Failed to read DnsConfig.
[0526/084752.110:WARNING:dns_config_service_win.cc(668)] Failed to read DnsConfig.
[0526/084757.123:WARNING:dns_config_service_win.cc(668)] Failed to read DnsConfig.
[0526/084802.131:WARNING:dns_config_service_win.cc(668)] Failed to read DnsConfig.
[0526/084807.151:WARNING:dns_config_service_win.cc(668)] Failed to read DnsConfig.
[0526/084812.175:WARNING:dns_config_service_win.cc(668)] Failed to read DnsConfig.
[0526/084817.195:WARNING:dns_config_service_win.cc(668)] Failed to read DnsConfig.
[0526/084822.208:WARNING:dns_config_service_win.cc(668)] Failed to read DnsConfig.
[0526/084827.221:WARNING:dns_config_service_win.cc(668)] Failed to read DnsConfig.
[0526/084832.227:WARNING:dns_config_service_win.cc(668)] Failed to read DnsConfig.
[0526/084837.245:WARNING:dns_config_service_win.cc(668)] Failed to read DnsConfig.
[0526/084842.265:WARNING:dns_config_service_win.cc(668)] Failed to read DnsConfig.
[0526/084847.269:WARNING:dns_config_service_win.cc(668)] Failed to read DnsConfig.
[0526/084852.287:WARNING:dns_config_service_win.cc(668)] Failed to read DnsConfig.
[0526/084857.292:WARNING:dns_config_service_win.cc(668)] Failed to read DnsConfig.
[0526/084902.303:WARNING:dns_config_service_win.cc(668)] Failed to read DnsConfig.
[0526/084907.313:WARNING:dns_config_service_win.cc(668)] Failed to read DnsConfig.
[0526/084912.332:WARNING:dns_config_service_win.cc(668)] Failed to read DnsConfig.
[0526/084917.334:WARNING:dns_config_service_win.cc(668)] Failed to read DnsConfig.
[0526/084922.343:WARNING:dns_config_service_win.cc(668)] Failed to read DnsConfig.
[0526/084927.354:WARNING:dns_config_service_win.cc(668)] Failed to read DnsConfig.
[0526/084932.369:WARNING:dns_config_service_win.cc(668)] Failed to read DnsConfig.
[0526/084937.383:WARNING:dns_config_service_win.cc(668)] Failed to read DnsConfig.
[0526/084942.389:WARNING:dns_config_service_win.cc(668)] Failed to read DnsConfig.
[0526/084947.398:WARNING:dns_config_service_win.cc(668)] Failed to read DnsConfig.
[0526/084952.409:WARNING:dns_config_service_win.cc(668)] Failed to read DnsConfig.
[0526/084957.419:WARNING:dns_config_service_win.cc(668)] Failed to read DnsConfig.
[0526/085002.437:WARNING:dns_config_service_win.cc(668)] Failed to read DnsConfig.
[0526/085007.458:WARNING:dns_config_service_win.cc(668)] Failed to read DnsConfig.
[0526/085012.478:WARNING:dns_config_service_win.cc(668)] Failed to read DnsConfig.
[0526/085017.487:WARNING:dns_config_service_win.cc(668)] Failed to read DnsConfig.
[0526/085022.508:WARNING:dns_config_service_win.cc(668)] Failed to read DnsConfig.
[0526/085027.527:WARNING:dns_config_service_win.cc(668)] Failed to read DnsConfig.
[0526/085032.541:WARNING:dns_config_service_win.cc(668)] Failed to read DnsConfig.
[0526/085037.556:WARNING:dns_config_service_win.cc(668)] Failed to read DnsConfig.
[0526/085042.564:WARNING:dns_config_service_win.cc(668)] Failed to read DnsConfig.
[0526/085047.570:WARNING:dns_config_service_win.cc(668)] Failed to read DnsConfig.
[0526/085052.595:WARNING:dns_config_service_win.cc(668)] Failed to read DnsConfig.
[0526/085057.605:WARNING:dns_config_service_win.cc(668)] Failed to read DnsConfig.
[0526/085102.617:WARNING:dns_config_service_win.cc(668)] Failed to read DnsConfig.
[0526/085107.639:WARNING:dns_config_service_win.cc(668)] Failed to read DnsConfig.
[0526/085112.651:WARNING:dns_config_service_win.cc(668)] Failed to read DnsConfig.
[0526/085117.666:WARNING:dns_config_service_win.cc(668)] Failed to read DnsConfig.
[0526/085122.670:WARNING:dns_config_service_win.cc(668)] Failed to read DnsConfig.
[0526/085127.696:WARNING:dns_config_service_win.cc(668)] Failed to read DnsConfig.
[0526/085132.700:WARNING:dns_config_service_win.cc(668)] Failed to read DnsConfig.
[0526/085137.710:WARNING:dns_config_service_win.cc(668)] Failed to read DnsConfig.
[0526/085142.716:WARNING:dns_config_service_win.cc(668)] Failed to read DnsConfig.
[0526/085147.734:WARNING:dns_config_service_win.cc(668)] Failed to read DnsConfig.
[0526/085152.747:WARNING:dns_config_service_win.cc(668)] Failed to read DnsConfig.
[0526/085157.762:WARNING:dns_config_service_win.cc(668)] Failed to read DnsConfig.
[0526/085202.780:WARNING:dns_config_service_win.cc(668)] Failed to read DnsConfig.
[0526/085207.788:WARNING:dns_config_service_win.cc(668)] Failed to read DnsConfig.
[0526/085212.800:WARNING:dns_config_service_win.cc(668)] Failed to read DnsConfig.
[0526/085217.807:WARNING:dns_config_service_win.cc(668)] Failed to read DnsConfig.
[0526/085222.825:WARNING:dns_config_service_win.cc(668)] Failed to read DnsConfig.
[0526/085227.836:WARNING:dns_config_service_win.cc(668)] Failed to read DnsConfig.
[0526/085232.851:WARNING:dns_config_service_win.cc(668)] Failed to read DnsConfig.
[0526/085237.864:WARNING:dns_config_service_win.cc(668)] Failed to read DnsConfig.
[0526/085242.890:WARNING:dns_config_service_win.cc(668)] Failed to read DnsConfig.
[0526/085247.894:WARNING:dns_config_service_win.cc(668)] Failed to read DnsConfig.
[0526/085252.903:WARNING:dns_config_service_win.cc(668)] Failed to read DnsConfig.
[0526/085257.912:WARNING:dns_config_service_win.cc(668)] Failed to read DnsConfig.
[0526/085302.927:WARNING:dns_config_service_win.cc(668)] Failed to read DnsConfig.
[0526/085307.946:WARNING:dns_config_service_win.cc(668)] Failed to read DnsConfig.
[0526/085312.959:WARNING:dns_config_service_win.cc(668)] Failed to read DnsConfig.
[0526/085317.976:WARNING:dns_config_service_win.cc(668)] Failed to read DnsConfig.
[0526/085322.983:WARNING:dns_config_service_win.cc(668)] Failed to read DnsConfig.
[0526/085327.990:WARNING:dns_config_service_win.cc(668)] Failed to read DnsConfig.
[0526/085332.992:WARNING:dns_config_service_win.cc(668)] Failed to read DnsConfig.
[0526/085338.004:WARNING:dns_config_service_win.cc(668)] Failed to read DnsConfig.
[0526/085343.012:WARNING:dns_config_service_win.cc(668)] Failed to read DnsConfig.
[0526/085348.027:WARNING:dns_config_service_win.cc(668)] Failed to read DnsConfig.
[0526/085353.045:WARNING:dns_config_service_win.cc(668)] Failed to read DnsConfig.
[0526/085358.056:WARNING:dns_config_service_win.cc(668)] Failed to read DnsConfig.
[0526/085403.076:WARNING:dns_config_service_win.cc(668)] Failed to read DnsConfig.
[0526/085408.083:WARNING:dns_config_service_win.cc(668)] Failed to read DnsConfig.
[0526/085413.098:WARNING:dns_config_service_win.cc(668)] Failed to read DnsConfig.
[0526/085418.117:WARNING:dns_config_service_win.cc(668)] Failed to read DnsConfig.
[0526/085423.124:WARNING:dns_config_service_win.cc(668)] Failed to read DnsConfig.
[0526/085428.135:WARNING:dns_config_service_win.cc(668)] Failed to read DnsConfig.
[0526/085433.155:WARNING:dns_config_service_win.cc(668)] Failed to read DnsConfig.
[0526/085438.176:WARNING:dns_config_service_win.cc(668)] Failed to read DnsConfig.
[0526/085443.194:WARNING:dns_config_service_win.cc(668)] Failed to read DnsConfig.
[0526/085448.203:WARNING:dns_config_service_win.cc(668)] Failed to read DnsConfig.
[0526/085453.209:WARNING:dns_config_service_win.cc(668)] Failed to read DnsConfig.
[0526/085458.220:WARNING:dns_config_service_win.cc(668)] Failed to read DnsConfig.
[0526/085503.231:WARNING:dns_config_service_win.cc(668)] Failed to read DnsConfig.
[0526/085508.235:WARNING:dns_config_service_win.cc(668)] Failed to read DnsConfig.
[0526/085513.253:WARNING:dns_config_service_win.cc(668)] Failed to read DnsConfig.
[0526/085518.271:WARNING:dns_config_service_win.cc(668)] Failed to read DnsConfig.
[0526/085523.283:WARNING:dns_config_service_win.cc(668)] Failed to read DnsConfig.
[0526/085528.298:WARNING:dns_config_service_win.cc(668)] Failed to read DnsConfig.
[0526/085533.305:WARNING:dns_config_service_win.cc(668)] Failed to read DnsConfig.
[0526/085538.311:WARNING:dns_config_service_win.cc(668)] Failed to read DnsConfig.
[0526/085543.325:WARNING:dns_config_service_win.cc(668)] Failed to read DnsConfig.
[0526/085548.333:WARNING:dns_config_service_win.cc(668)] Failed to read DnsConfig.
[0526/085553.349:WARNING:dns_config_service_win.cc(668)] Failed to read DnsConfig.
[0526/085558.360:WARNING:dns_config_service_win.cc(668)] Failed to read DnsConfig.
[0526/085603.380:WARNING:dns_config_service_win.cc(668)] Failed to read DnsConfig.
[0526/085608.383:WARNING:dns_config_service_win.cc(668)] Failed to read DnsConfig.
[0526/085613.409:WARNING:dns_config_service_win.cc(668)] Failed to read DnsConfig.
[0526/085618.432:WARNING:dns_config_service_win.cc(668)] Failed to read DnsConfig.
[0526/085623.445:WARNING:dns_config_service_win.cc(668)] Failed to read DnsConfig.
[0526/085628.456:WARNING:dns_config_service_win.cc(668)] Failed to read DnsConfig.
[0526/085633.476:WARNING:dns_config_service_win.cc(668)] Failed to read DnsConfig.
[0526/085638.488:WARNING:dns_config_service_win.cc(668)] Failed to read DnsConfig.
[0526/085643.506:WARNING:dns_config_service_win.cc(668)] Failed to read DnsConfig.
[0526/085648.517:WARNING:dns_config_service_win.cc(668)] Failed to read DnsConfig.
[0526/085653.525:WARNING:dns_config_service_win.cc(668)] Failed to read DnsConfig.
[0526/085658.528:WARNING:dns_config_service_win.cc(668)] Failed to read DnsConfig.
[0526/085703.543:WARNING:dns_config_service_win.cc(668)] Failed to read DnsConfig.
[0526/085708.559:WARNING:dns_config_service_win.cc(668)] Failed to read DnsConfig.
[0526/085713.563:WARNING:dns_config_service_win.cc(668)] Failed to read DnsConfig.
[0526/085718.586:WARNING:dns_config_service_win.cc(668)] Failed to read DnsConfig.
[0526/085723.593:WARNING:dns_config_service_win.cc(668)] Failed to read DnsConfig.
[0526/085728.611:WARNING:dns_config_service_win.cc(668)] Failed to read DnsConfig.
[0526/085733.631:WARNING:dns_config_service_win.cc(668)] Failed to read DnsConfig.
[0526/085738.636:WARNING:dns_config_service_win.cc(668)] Failed to read DnsConfig.
[0526/085743.643:WARNING:dns_config_service_win.cc(668)] Failed to read DnsConfig.
[0526/085748.655:WARNING:dns_config_service_win.cc(668)] Failed to read DnsConfig.
[0526/085753.671:WARNING:dns_config_service_win.cc(668)] Failed to read DnsConfig.
[0526/085758.695:WARNING:dns_config_service_win.cc(668)] Failed to read DnsConfig.
[0526/085803.715:WARNING:dns_config_service_win.cc(668)] Failed to read DnsConfig.
[0526/085808.726:WARNING:dns_config_service_win.cc(668)] Failed to read DnsConfig.
[0526/085813.746:WARNING:dns_config_service_win.cc(668)] Failed to read DnsConfig.
[0526/085818.756:WARNING:dns_config_service_win.cc(668)] Failed to read DnsConfig.
[0526/085823.768:WARNING:dns_config_service_win.cc(668)] Failed to read DnsConfig.
[0526/085828.787:WARNING:dns_config_service_win.cc(668)] Failed to read DnsConfig.
[0526/085833.800:WARNING:dns_config_service_win.cc(668)] Failed to read DnsConfig.
[0526/085838.812:WARNING:dns_config_service_win.cc(668)] Failed to read DnsConfig.
[0526/085843.819:WARNING:dns_config_service_win.cc(668)] Failed to read DnsConfig.
[0526/085848.819:WARNING:dns_config_service_win.cc(668)] Failed to read DnsConfig.
[0526/085853.826:WARNING:dns_config_service_win.cc(668)] Failed to read DnsConfig.
[0526/085858.843:WARNING:dns_config_service_win.cc(668)] Failed to read DnsConfig.
[0526/085903.863:WARNING:dns_config_service_win.cc(668)] Failed to read DnsConfig.
[0526/085908.880:WARNING:dns_config_service_win.cc(668)] Failed to read DnsConfig.
[0526/085913.893:WARNING:dns_config_service_win.cc(668)] Failed to read DnsConfig.
[0526/085918.902:WARNING:dns_config_service_win.cc(668)] Failed to read DnsConfig.
[0526/085923.923:WARNING:dns_config_service_win.cc(668)] Failed to read DnsConfig.
[0526/085928.928:WARNING:dns_config_service_win.cc(668)] Failed to read DnsConfig.
[0526/085933.942:WARNING:dns_config_service_win.cc(668)] Failed to read DnsConfig.
[0526/085938.952:WARNING:dns_config_service_win.cc(668)] Failed to read DnsConfig.
[0526/085943.967:WARNING:dns_config_service_win.cc(668)] Failed to read DnsConfig.
[0526/085948.975:WARNING:dns_config_service_win.cc(668)] Failed to read DnsConfig.
[0526/085953.983:WARNING:dns_config_service_win.cc(668)] Failed to read DnsConfig.
[0526/085958.989:WARNING:dns_config_service_win.cc(668)] Failed to read DnsConfig.
[0526/090004.005:WARNING:dns_config_service_win.cc(668)] Failed to read DnsConfig.
[0526/090009.014:WARNING:dns_config_service_win.cc(668)] Failed to read DnsConfig.
[0526/090014.025:WARNING:dns_config_service_win.cc(668)] Failed to read DnsConfig.
[0526/090019.035:WARNING:dns_config_service_win.cc(668)] Failed to read DnsConfig.
[0526/090024.049:WARNING:dns_config_service_win.cc(668)] Failed to read DnsConfig.
[0526/090029.057:WARNING:dns_config_service_win.cc(668)] Failed to read DnsConfig.
[0526/090034.071:WARNING:dns_config_service_win.cc(668)] Failed to read DnsConfig.
[0526/090039.085:WARNING:dns_config_service_win.cc(668)] Failed to read DnsConfig.
[0526/090044.101:WARNING:dns_config_service_win.cc(668)] Failed to read DnsConfig.
[0526/090049.112:WARNING:dns_config_service_win.cc(668)] Failed to read DnsConfig.
[0526/090054.126:WARNING:dns_config_service_win.cc(668)] Failed to read DnsConfig.
[0526/090059.143:WARNING:dns_config_service_win.cc(668)] Failed to read DnsConfig.
[0526/090104.159:WARNING:dns_config_service_win.cc(668)] Failed to read DnsConfig.
